[32m[I 2025-07-04 13:08:53,783][0m A new study created in RDB with name: maddpg_balance_tuning_wandb102[0m
--------------------------------------------------
Episode: 500, average_score: -32.82, delta: -32.82
--------------------------------------------------
/Users/lilshoe/Library/Mobile Documents/com~apple~CloudDocs/Politecnico Torino/Anno 2024-2025/Secondo Semestre/Machine Learning and Deep Learning/Progetto /Project_Codes/MADDPG copia/Distill.py:35: UserWarning: To copy construct from a tensor, it is recommended to use sourceTensor.detach().clone() or sourceTensor.detach().clone().requires_grad_(True), rather than torch.tensor(sourceTensor).
  self.states = T.stack([T.tensor(s[agent_idx], dtype=T.float32) for s, _ in data])
/Users/lilshoe/Library/Mobile Documents/com~apple~CloudDocs/Politecnico Torino/Anno 2024-2025/Secondo Semestre/Machine Learning and Deep Learning/Progetto /Project_Codes/MADDPG copia/Distill.py:36: UserWarning: To copy construct from a tensor, it is recommended to use sourceTensor.detach().clone() or sourceTensor.detach().clone().requires_grad_(True), rather than torch.tensor(sourceTensor).
  self.actions = T.stack([T.tensor(a[agent_idx], dtype=T.float32) for _, a in data])
[32m[I 2025-07-04 13:11:34,746][0m Trial 0 finished with value: 0.0 and parameters: {'H': 0.07743915819785338, 'decay_rate': 0.9702486717930761, 'alpha': 4.514103632341222e-05, 'beta': 0.0003727683595443554, 'batch_size': 256, 'learn_every': 80, 'gamma': 0.9420582884877491, 'tau': 0.009242254342924475}. Best is trial 0 with value: 0.0.[0m
--------------------------------------------------
Episode: 500, average_score: -36.99, delta: -36.99
--------------------------------------------------
[32m[I 2025-07-04 13:16:47,220][0m Trial 1 finished with value: 0.0 and parameters: {'H': 0.14702821351265888, 'decay_rate': 0.9796816767038493, 'alpha': 2.4524063823075162e-05, 'beta': 0.00016075355997871018, 'batch_size': 256, 'learn_every': 40, 'gamma': 0.9127252703173443, 'tau': 0.004664559525873224}. Best is trial 0 with value: 0.0.[0m
--------------------------------------------------
Episode: 500, average_score: -39.30, delta: -39.30
--------------------------------------------------
[32m[I 2025-07-04 13:20:19,486][0m Trial 2 finished with value: 0.0 and parameters: {'H': 0.04847385266311997, 'decay_rate': 0.9973997932779464, 'alpha': 6.792297758833482e-06, 'beta': 0.00011180444504956675, 'batch_size': 256, 'learn_every': 80, 'gamma': 0.9869080488980164, 'tau': 0.006706544239594628}. Best is trial 0 with value: 0.0.[0m
... Saving checkpoint ...
... Saving checkpoint ...
... Saving checkpoint ...
... Saving checkpoint ...
... Saving checkpoint ...
... Saving checkpoint ...
... Saving checkpoint ...
... Saving checkpoint ...
... Saving checkpoint ...
... Saving checkpoint ...
... Saving checkpoint ...
... Saving checkpoint ...
... Saving checkpoint ...
... Saving checkpoint ...
... Saving checkpoint ...
... Saving checkpoint ...
... Saving checkpoint ...
... Saving checkpoint ...
... Saving checkpoint ...
... Saving checkpoint ...
... Saving checkpoint ...
... Saving checkpoint ...
... Saving checkpoint ...
... Saving checkpoint ...
... Saving checkpoint ...
... Saving checkpoint ...
... Saving checkpoint ...
... Saving checkpoint ...
... Saving checkpoint ...
... Saving checkpoint ...
... Saving checkpoint ...
... Saving checkpoint ...
... Saving checkpoint ...
... Saving checkpoint ...
... Saving checkpoint ...
... Saving checkpoint ...
... Saving checkpoint ...
... Saving checkpoint ...
... Saving checkpoint ...
... Saving checkpoint ...
... Saving checkpoint ...
... Saving checkpoint ...
... Saving checkpoint ...
... Saving checkpoint ...
... Saving checkpoint ...
... Saving checkpoint ...
... Saving checkpoint ...
... Saving checkpoint ...
... Saving checkpoint ...
... Saving checkpoint ...
... Saving checkpoint ...
... Saving checkpoint ...
... Saving checkpoint ...
... Saving checkpoint ...
... Saving checkpoint ...
... Saving checkpoint ...
... Saving checkpoint ...
... Saving checkpoint ...
... Saving checkpoint ...
... Saving checkpoint ...
... Saving checkpoint ...
... Saving checkpoint ...
... Saving checkpoint ...
... Saving checkpoint ...
... Saving checkpoint ...
... Saving checkpoint ...
... Saving checkpoint ...
... Saving checkpoint ...
... Saving checkpoint ...
... Saving checkpoint ...
... Saving checkpoint ...
... Saving checkpoint ...
... Saving checkpoint ...
... Saving checkpoint ...
... Saving checkpoint ...
... Saving checkpoint ...
... Saving checkpoint ...
... Saving checkpoint ...
... Saving checkpoint ...
... Saving checkpoint ...
... Saving checkpoint ...
... Saving checkpoint ...
... Saving checkpoint ...
... Saving checkpoint ...
... Saving checkpoint ...
... Saving checkpoint ...
... Saving checkpoint ...
... Saving checkpoint ...
... Saving checkpoint ...
--------------------------------------------------
Episode: 500, average_score: -18.19, delta: -18.19
--------------------------------------------------
[32m[I 2025-07-04 13:40:51,481][0m Trial 3 finished with value: 22.659807205200195 and parameters: {'H': 0.1506285796961861, 'decay_rate': 0.979243202259143, 'alpha': 3.0078543214110628e-05, 'beta': 0.00013877477983627385, 'batch_size': 128, 'learn_every': 10, 'gamma': 0.9698870719351146, 'tau': 0.013160222308081861}. Best is trial 3 with value: 22.659807205200195.[0m
--------------------------------------------------
Episode: 500, average_score: -22.63, delta: -22.63
--------------------------------------------------
/Users/lilshoe/Library/Mobile Documents/com~apple~CloudDocs/Politecnico Torino/Anno 2024-2025/Secondo Semestre/Machine Learning and Deep Learning/Progetto /Project_Codes/MADDPG copia/Distill.py:35: UserWarning: To copy construct from a tensor, it is recommended to use sourceTensor.detach().clone() or sourceTensor.detach().clone().requires_grad_(True), rather than torch.tensor(sourceTensor).
  self.states = T.stack([T.tensor(s[agent_idx], dtype=T.float32) for s, _ in data])
/Users/lilshoe/Library/Mobile Documents/com~apple~CloudDocs/Politecnico Torino/Anno 2024-2025/Secondo Semestre/Machine Learning and Deep Learning/Progetto /Project_Codes/MADDPG copia/Distill.py:36: UserWarning: To copy construct from a tensor, it is recommended to use sourceTensor.detach().clone() or sourceTensor.detach().clone().requires_grad_(True), rather than torch.tensor(sourceTensor).
  self.actions = T.stack([T.tensor(a[agent_idx], dtype=T.float32) for _, a in data])
[32m[I 2025-07-04 14:02:40,952][0m Trial 4 finished with value: 0.0 and parameters: {'H': 0.22284110944861765, 'decay_rate': 0.9544925315531759, 'alpha': 6.798723101094382e-05, 'beta': 0.00035455657514537627, 'batch_size': 1024, 'learn_every': 20, 'gamma': 0.9326998073536698, 'tau': 0.010818633373627812}. Best is trial 3 with value: 22.659807205200195.[0m
--------------------------------------------------
Episode: 500, average_score: -30.50, delta: -30.50
--------------------------------------------------
[32m[I 2025-07-04 14:10:23,721][0m Trial 5 finished with value: 0.0 and parameters: {'H': 0.020300135720391514, 'decay_rate': 0.9831364274922502, 'alpha': 0.0003898214573141871, 'beta': 5.5703776635093596e-05, 'batch_size': 128, 'learn_every': 10, 'gamma': 0.9828472776636595, 'tau': 0.04656073729782871}. Best is trial 3 with value: 22.659807205200195.[0m

Number of finished trials: 6

Best trial:
  Value: 22.659807205200195
  Params:
    H: 0.1506285796961861
    decay_rate: 0.979243202259143
    alpha: 3.0078543214110628e-05
    beta: 0.00013877477983627385
    batch_size: 128
    learn_every: 10
    gamma: 0.9698870719351146
    tau: 0.013160222308081861
