[32m[I 2025-07-04 14:11:26,614][0m A new study created in RDB with name: maddpg_balance_tuning_wandb102[0m
--------------------------------------------------
Episode: 500, average_score: -36.03, delta: -36.03
--------------------------------------------------
/Users/lilshoe/Library/Mobile Documents/com~apple~CloudDocs/Politecnico Torino/Anno 2024-2025/Secondo Semestre/Machine Learning and Deep Learning/Progetto /Project_Codes/MADDPG copia/Distill.py:35: UserWarning: To copy construct from a tensor, it is recommended to use sourceTensor.detach().clone() or sourceTensor.detach().clone().requires_grad_(True), rather than torch.tensor(sourceTensor).
  self.states = T.stack([T.tensor(s[agent_idx], dtype=T.float32) for s, _ in data])
/Users/lilshoe/Library/Mobile Documents/com~apple~CloudDocs/Politecnico Torino/Anno 2024-2025/Secondo Semestre/Machine Learning and Deep Learning/Progetto /Project_Codes/MADDPG copia/Distill.py:36: UserWarning: To copy construct from a tensor, it is recommended to use sourceTensor.detach().clone() or sourceTensor.detach().clone().requires_grad_(True), rather than torch.tensor(sourceTensor).
  self.actions = T.stack([T.tensor(a[agent_idx], dtype=T.float32) for _, a in data])
[32m[I 2025-07-04 14:13:18,064][0m Trial 0 finished with value: 0.0 and parameters: {'H': 0.02203695884611517, 'decay_rate': 0.9935616257193002, 'alpha': 0.00018502777224952818, 'beta': 8.954163664082356e-05, 'batch_size': 128, 'learn_every': 40, 'gamma': 0.9935433182259108, 'tau': 0.02182673832837716}. Best is trial 0 with value: 0.0.[0m
--------------------------------------------------
Episode: 500, average_score: -20.39, delta: -20.39
--------------------------------------------------
... Saving checkpoint ...
... Saving checkpoint ...
... Saving checkpoint ...
... Saving checkpoint ...
... Saving checkpoint ...
... Saving checkpoint ...
... Saving checkpoint ...
... Saving checkpoint ...
... Saving checkpoint ...
... Saving checkpoint ...
... Saving checkpoint ...
... Saving checkpoint ...
... Saving checkpoint ...
... Saving checkpoint ...
... Saving checkpoint ...
... Saving checkpoint ...
... Saving checkpoint ...
... Saving checkpoint ...
... Saving checkpoint ...
... Saving checkpoint ...
... Saving checkpoint ...
... Saving checkpoint ...
... Saving checkpoint ...
... Saving checkpoint ...
... Saving checkpoint ...
... Saving checkpoint ...
... Saving checkpoint ...
... Saving checkpoint ...
... Saving checkpoint ...
... Saving checkpoint ...
... Saving checkpoint ...
... Saving checkpoint ...
... Saving checkpoint ...
... Saving checkpoint ...
... Saving checkpoint ...
... Saving checkpoint ...
... Saving checkpoint ...
... Saving checkpoint ...
... Saving checkpoint ...
... Saving checkpoint ...
... Saving checkpoint ...
... Saving checkpoint ...
... Saving checkpoint ...
... Saving checkpoint ...
... Saving checkpoint ...
... Saving checkpoint ...
... Saving checkpoint ...
... Saving checkpoint ...
... Saving checkpoint ...
... Saving checkpoint ...
... Saving checkpoint ...
... Saving checkpoint ...
... Saving checkpoint ...
... Saving checkpoint ...
... Saving checkpoint ...
... Saving checkpoint ...
... Saving checkpoint ...
... Saving checkpoint ...
... Saving checkpoint ...
... Saving checkpoint ...
... Saving checkpoint ...
... Saving checkpoint ...
... Saving checkpoint ...
... Saving checkpoint ...
... Saving checkpoint ...
... Saving checkpoint ...
... Saving checkpoint ...
... Saving checkpoint ...
... Saving checkpoint ...
... Saving checkpoint ...
... Saving checkpoint ...
... Saving checkpoint ...
... Saving checkpoint ...
... Saving checkpoint ...
... Saving checkpoint ...
... Saving checkpoint ...
... Saving checkpoint ...
... Saving checkpoint ...
... Saving checkpoint ...
... Saving checkpoint ...
... Saving checkpoint ...
... Saving checkpoint ...
... Saving checkpoint ...
... Saving checkpoint ...
... Saving checkpoint ...
... Saving checkpoint ...
... Saving checkpoint ...
... Saving checkpoint ...
... Saving checkpoint ...
... Saving checkpoint ...
... Saving checkpoint ...
... Saving checkpoint ...
... Saving checkpoint ...
... Saving checkpoint ...
... Saving checkpoint ...
... Saving checkpoint ...
... Saving checkpoint ...
... Saving checkpoint ...
... Saving checkpoint ...
... Saving checkpoint ...
... Saving checkpoint ...
... Saving checkpoint ...
... Saving checkpoint ...
... Saving checkpoint ...
... Saving checkpoint ...
... Saving checkpoint ...
... Saving checkpoint ...
... Saving checkpoint ...
... Saving checkpoint ...
... Saving checkpoint ...
... Saving checkpoint ...
... Saving checkpoint ...
... Saving checkpoint ...
... Saving checkpoint ...
... Saving checkpoint ...
[32m[I 2025-07-04 14:25:26,688][0m Trial 1 finished with value: 66.83588409423828 and parameters: {'H': 0.02016291727563198, 'decay_rate': 0.9597192258573286, 'alpha': 2.0763035161986303e-05, 'beta': 5.062596287807972e-05, 'batch_size': 128, 'learn_every': 5, 'gamma': 0.9035126947636263, 'tau': 0.002056774439210071}. Best is trial 1 with value: 66.83588409423828.[0m
--------------------------------------------------
Episode: 500, average_score: -36.36, delta: -36.36
--------------------------------------------------
/Users/lilshoe/Library/Mobile Documents/com~apple~CloudDocs/Politecnico Torino/Anno 2024-2025/Secondo Semestre/Machine Learning and Deep Learning/Progetto /Project_Codes/MADDPG copia/Distill.py:35: UserWarning: To copy construct from a tensor, it is recommended to use sourceTensor.detach().clone() or sourceTensor.detach().clone().requires_grad_(True), rather than torch.tensor(sourceTensor).
  self.states = T.stack([T.tensor(s[agent_idx], dtype=T.float32) for s, _ in data])
/Users/lilshoe/Library/Mobile Documents/com~apple~CloudDocs/Politecnico Torino/Anno 2024-2025/Secondo Semestre/Machine Learning and Deep Learning/Progetto /Project_Codes/MADDPG copia/Distill.py:36: UserWarning: To copy construct from a tensor, it is recommended to use sourceTensor.detach().clone() or sourceTensor.detach().clone().requires_grad_(True), rather than torch.tensor(sourceTensor).
  self.actions = T.stack([T.tensor(a[agent_idx], dtype=T.float32) for _, a in data])
[32m[I 2025-07-04 14:26:59,285][0m Trial 2 finished with value: 0.0 and parameters: {'H': 0.032937818262784156, 'decay_rate': 0.9914279172326035, 'alpha': 0.00014025066361152805, 'beta': 0.00012636579850108627, 'batch_size': 128, 'learn_every': 40, 'gamma': 0.9076204810360192, 'tau': 0.0031928509277853977}. Best is trial 1 with value: 66.83588409423828.[0m
--------------------------------------------------
Episode: 500, average_score: -31.02, delta: -31.02
--------------------------------------------------
[32m[I 2025-07-04 14:36:41,905][0m Trial 3 finished with value: 0.0 and parameters: {'H': 0.2274208055479196, 'decay_rate': 0.9912695645313175, 'alpha': 5.69430992452137e-06, 'beta': 0.00011731692927037669, 'batch_size': 256, 'learn_every': 10, 'gamma': 0.9788244530729068, 'tau': 0.000565189408489985}. Best is trial 1 with value: 66.83588409423828.[0m
--------------------------------------------------
Episode: 500, average_score: -34.36, delta: -34.36
--------------------------------------------------
[32m[I 2025-07-04 14:39:31,386][0m Trial 4 finished with value: 0.0 and parameters: {'H': 0.11683540829404292, 'decay_rate': 0.9763258293822337, 'alpha': 0.00020908732471213535, 'beta': 0.00024601362148336835, 'batch_size': 128, 'learn_every': 20, 'gamma': 0.9100989128771143, 'tau': 0.001640684772173415}. Best is trial 1 with value: 66.83588409423828.[0m
--------------------------------------------------
Episode: 500, average_score: -4.87, delta: -4.87
--------------------------------------------------
... Saving checkpoint ...
... Saving checkpoint ...
... Saving checkpoint ...
... Saving checkpoint ...
... Saving checkpoint ...
... Saving checkpoint ...
... Saving checkpoint ...
... Saving checkpoint ...
... Saving checkpoint ...
... Saving checkpoint ...
... Saving checkpoint ...
... Saving checkpoint ...
... Saving checkpoint ...
... Saving checkpoint ...
... Saving checkpoint ...
... Saving checkpoint ...
... Saving checkpoint ...
... Saving checkpoint ...
... Saving checkpoint ...
[32m[I 2025-07-04 15:18:40,285][0m Trial 5 finished with value: 9.157649993896484 and parameters: {'H': 0.052305352669155245, 'decay_rate': 0.9519336101397183, 'alpha': 1.623757327968065e-05, 'beta': 5.352017099735138e-05, 'batch_size': 1024, 'learn_every': 5, 'gamma': 0.9417491653812811, 'tau': 0.01491735585458437}. Best is trial 1 with value: 66.83588409423828.[0m

Number of finished trials: 6

Best trial:
  Value: 66.83588409423828
  Params:
    H: 0.02016291727563198
    decay_rate: 0.9597192258573286
    alpha: 2.0763035161986303e-05
    beta: 5.062596287807972e-05
    batch_size: 128
    learn_every: 5
    gamma: 0.9035126947636263
    tau: 0.002056774439210071
