[32m[I 2025-07-04 20:47:27,520][0m Trial 34 finished with value: 88.59420013427734 and parameters: {'H': 0.26124856915603034, 'decay_rate': 0.9971726561270999, 'alpha': 0.00026417945548729514, 'beta': 0.000358739342587184, 'batch_size': 1024, 'learn_every': 10, 'gamma': 0.9743987373291625, 'tau': 0.021625586260748585}. Best is trial 30 with value: 163.48464965820312.[0m
... Saving checkpoint ...
... Saving checkpoint ...
... Saving checkpoint ...
... Saving checkpoint ...
... Saving checkpoint ...
... Saving checkpoint ...
... Saving checkpoint ...
... Saving checkpoint ...
... Saving checkpoint ...
... Saving checkpoint ...
... Saving checkpoint ...
... Saving checkpoint ...
... Saving checkpoint ...
... Saving checkpoint ...
... Saving checkpoint ...
... Saving checkpoint ...
... Saving checkpoint ...
... Saving checkpoint ...
... Saving checkpoint ...
... Saving checkpoint ...
... Saving checkpoint ...
... Saving checkpoint ...
... Saving checkpoint ...
... Saving checkpoint ...
--------------------------------------------------
Episode: 500, average_score: 16.01, delta: 16.01
--------------------------------------------------
... Saving checkpoint ...
... Saving checkpoint ...
... Saving checkpoint ...
... Saving checkpoint ...
... Saving checkpoint ...
... Saving checkpoint ...
... Saving checkpoint ...
... Saving checkpoint ...
... Saving checkpoint ...
... Saving checkpoint ...
... Saving checkpoint ...
... Saving checkpoint ...
... Saving checkpoint ...
... Saving checkpoint ...
... Saving checkpoint ...
... Saving checkpoint ...
... Saving checkpoint ...
... Saving checkpoint ...
... Saving checkpoint ...
... Saving checkpoint ...
... Saving checkpoint ...
... Saving checkpoint ...
... Saving checkpoint ...
... Saving checkpoint ...
... Saving checkpoint ...
... Saving checkpoint ...
... Saving checkpoint ...
... Saving checkpoint ...
... Saving checkpoint ...
... Saving checkpoint ...
... Saving checkpoint ...
... Saving checkpoint ...
... Saving checkpoint ...
... Saving checkpoint ...
... Saving checkpoint ...
... Saving checkpoint ...
... Saving checkpoint ...
... Saving checkpoint ...
... Saving checkpoint ...
... Saving checkpoint ...
... Saving checkpoint ...
... Saving checkpoint ...
... Saving checkpoint ...
... Saving checkpoint ...
... Saving checkpoint ...
... Saving checkpoint ...
... Saving checkpoint ...
... Saving checkpoint ...
... Saving checkpoint ...
... Saving checkpoint ...
... Saving checkpoint ...
... Saving checkpoint ...
... Saving checkpoint ...
... Saving checkpoint ...
... Saving checkpoint ...
... Saving checkpoint ...
... Saving checkpoint ...
... Saving checkpoint ...
... Saving checkpoint ...
... Saving checkpoint ...
... Saving checkpoint ...
... Saving checkpoint ...
... Saving checkpoint ...
... Saving checkpoint ...
... Saving checkpoint ...
... Saving checkpoint ...
... Saving checkpoint ...
... Saving checkpoint ...
... Saving checkpoint ...
... Saving checkpoint ...
... Saving checkpoint ...
... Saving checkpoint ...
... Saving checkpoint ...
... Saving checkpoint ...
... Saving checkpoint ...
... Saving checkpoint ...
... Saving checkpoint ...
... Saving checkpoint ...
... Saving checkpoint ...
... Saving checkpoint ...
... Saving checkpoint ...
... Saving checkpoint ...
... Saving checkpoint ...
... Saving checkpoint ...
... Saving checkpoint ...
... Saving checkpoint ...
... Saving checkpoint ...
... Saving checkpoint ...
... Saving checkpoint ...
... Saving checkpoint ...
... Saving checkpoint ...
... Saving checkpoint ...
... Saving checkpoint ...
... Saving checkpoint ...
... Saving checkpoint ...
... Saving checkpoint ...
... Saving checkpoint ...
... Saving checkpoint ...
... Saving checkpoint ...
... Saving checkpoint ...
... Saving checkpoint ...
... Saving checkpoint ...
... Saving checkpoint ...
... Saving checkpoint ...
... Saving checkpoint ...
... Saving checkpoint ...
... Saving checkpoint ...
... Saving checkpoint ...
... Saving checkpoint ...
... Saving checkpoint ...
... Saving checkpoint ...
... Saving checkpoint ...
... Saving checkpoint ...
... Saving checkpoint ...
... Saving checkpoint ...
... Saving checkpoint ...
... Saving checkpoint ...
... Saving checkpoint ...
... Saving checkpoint ...
... Saving checkpoint ...
... Saving checkpoint ...
... Saving checkpoint ...
... Saving checkpoint ...
... Saving checkpoint ...
... Saving checkpoint ...
... Saving checkpoint ...
... Saving checkpoint ...
... Saving checkpoint ...
... Saving checkpoint ...
... Saving checkpoint ...
... Saving checkpoint ...
... Saving checkpoint ...
... Saving checkpoint ...
... Saving checkpoint ...
... Saving checkpoint ...
... Saving checkpoint ...
... Saving checkpoint ...
... Saving checkpoint ...
... Saving checkpoint ...
... Saving checkpoint ...
... Saving checkpoint ...
... Saving checkpoint ...
... Saving checkpoint ...
... Saving checkpoint ...
... Saving checkpoint ...
... Saving checkpoint ...
... Saving checkpoint ...
... Saving checkpoint ...
... Saving checkpoint ...
... Saving checkpoint ...
... Saving checkpoint ...
... Saving checkpoint ...
... Saving checkpoint ...
... Saving checkpoint ...
[32m[I 2025-07-04 21:39:40,558][0m Trial 35 finished with value: 250.84722900390625 and parameters: {'H': 0.23548318719536976, 'decay_rate': 0.9780549836299827, 'alpha': 0.0002312014802600881, 'beta': 0.0003704702365459395, 'batch_size': 1024, 'learn_every': 10, 'gamma': 0.9685215582273855, 'tau': 0.01553209596792027}. Best is trial 35 with value: 250.84722900390625.[0m
--------------------------------------------------
Episode: 500, average_score: -41.42, delta: -41.42
--------------------------------------------------
[32m[I 2025-07-04 21:57:27,821][0m Trial 36 finished with value: 0.0 and parameters: {'H': 0.22456201451680352, 'decay_rate': 0.9767597033246926, 'alpha': 0.00026262242272085166, 'beta': 0.00042130717415683007, 'batch_size': 1024, 'learn_every': 10, 'gamma': 0.9692063564554677, 'tau': 0.01098363351927217}. Best is trial 35 with value: 250.84722900390625.[0m
... Saving checkpoint ...
... Saving checkpoint ...
--------------------------------------------------
Episode: 500, average_score: 3.79, delta: 3.79
--------------------------------------------------
... Saving checkpoint ...
... Saving checkpoint ...
... Saving checkpoint ...
... Saving checkpoint ...
... Saving checkpoint ...
... Saving checkpoint ...
... Saving checkpoint ...
... Saving checkpoint ...
... Saving checkpoint ...
... Saving checkpoint ...
... Saving checkpoint ...
... Saving checkpoint ...
... Saving checkpoint ...
... Saving checkpoint ...
... Saving checkpoint ...
... Saving checkpoint ...
... Saving checkpoint ...
... Saving checkpoint ...
... Saving checkpoint ...
... Saving checkpoint ...
... Saving checkpoint ...
... Saving checkpoint ...
... Saving checkpoint ...
... Saving checkpoint ...
... Saving checkpoint ...
... Saving checkpoint ...
... Saving checkpoint ...
... Saving checkpoint ...
... Saving checkpoint ...
... Saving checkpoint ...
... Saving checkpoint ...
... Saving checkpoint ...
... Saving checkpoint ...
... Saving checkpoint ...
... Saving checkpoint ...
... Saving checkpoint ...
... Saving checkpoint ...
... Saving checkpoint ...
... Saving checkpoint ...
... Saving checkpoint ...
... Saving checkpoint ...
... Saving checkpoint ...
... Saving checkpoint ...
... Saving checkpoint ...
... Saving checkpoint ...
... Saving checkpoint ...
... Saving checkpoint ...
... Saving checkpoint ...
... Saving checkpoint ...
... Saving checkpoint ...
... Saving checkpoint ...
... Saving checkpoint ...
[32m[I 2025-07-04 22:46:05,269][0m Trial 37 finished with value: 71.62393188476562 and parameters: {'H': 0.17432391003265668, 'decay_rate': 0.9788496100113249, 'alpha': 0.00013478633900264103, 'beta': 0.000491972820598493, 'batch_size': 1024, 'learn_every': 10, 'gamma': 0.974061326295493, 'tau': 0.016786982650499317}. Best is trial 35 with value: 250.84722900390625.[0m
--------------------------------------------------
Episode: 500, average_score: -31.03, delta: -31.03
--------------------------------------------------
[32m[I 2025-07-04 22:55:06,903][0m Trial 38 finished with value: 0.0 and parameters: {'H': 0.1738626080010223, 'decay_rate': 0.969469430589084, 'alpha': 0.00012970118506408162, 'beta': 0.000484853938191868, 'batch_size': 1024, 'learn_every': 10, 'gamma': 0.9650790033561106, 'tau': 0.006688090025439074}. Best is trial 35 with value: 250.84722900390625.[0m
--------------------------------------------------
Episode: 500, average_score: -31.88, delta: -31.88
--------------------------------------------------
[32m[I 2025-07-04 22:58:21,115][0m Trial 39 finished with value: 0.0 and parameters: {'H': 0.12263501310112722, 'decay_rate': 0.9786742503214374, 'alpha': 0.00010264460143230752, 'beta': 0.000371238712037039, 'batch_size': 1024, 'learn_every': 80, 'gamma': 0.9505802810051113, 'tau': 0.015235357402631827}. Best is trial 35 with value: 250.84722900390625.[0m
--------------------------------------------------
Episode: 500, average_score: -39.22, delta: -39.22
--------------------------------------------------
[32m[I 2025-07-04 23:05:46,380][0m Trial 40 finished with value: 0.0 and parameters: {'H': 0.2458191008019345, 'decay_rate': 0.9735019526913584, 'alpha': 1.5193685287565382e-05, 'beta': 0.000431313470594186, 'batch_size': 1024, 'learn_every': 40, 'gamma': 0.974422350041716, 'tau': 0.004966599201705129}. Best is trial 35 with value: 250.84722900390625.[0m
--------------------------------------------------
Episode: 500, average_score: -4.42, delta: -4.42
--------------------------------------------------
... Saving checkpoint ...
... Saving checkpoint ...
... Saving checkpoint ...
... Saving checkpoint ...
... Saving checkpoint ...
... Saving checkpoint ...
... Saving checkpoint ...
... Saving checkpoint ...
... Saving checkpoint ...
... Saving checkpoint ...
... Saving checkpoint ...
... Saving checkpoint ...
... Saving checkpoint ...
... Saving checkpoint ...
... Saving checkpoint ...
... Saving checkpoint ...
... Saving checkpoint ...
... Saving checkpoint ...
... Saving checkpoint ...
... Saving checkpoint ...
... Saving checkpoint ...
... Saving checkpoint ...
... Saving checkpoint ...
... Saving checkpoint ...
[32m[I 2025-07-04 23:29:37,584][0m Trial 41 finished with value: 9.794657707214355 and parameters: {'H': 0.21614890205242315, 'decay_rate': 0.96952475142, 'alpha': 0.00023633915428283254, 'beta': 0.0003689586868253699, 'batch_size': 1024, 'learn_every': 10, 'gamma': 0.9759119899012737, 'tau': 0.020925715213334816}. Best is trial 35 with value: 250.84722900390625.[0m
... Saving checkpoint ...
... Saving checkpoint ...
... Saving checkpoint ...
... Saving checkpoint ...
... Saving checkpoint ...
... Saving checkpoint ...
... Saving checkpoint ...
... Saving checkpoint ...
... Saving checkpoint ...
... Saving checkpoint ...
... Saving checkpoint ...
... Saving checkpoint ...
... Saving checkpoint ...
... Saving checkpoint ...
... Saving checkpoint ...
... Saving checkpoint ...
... Saving checkpoint ...
... Saving checkpoint ...
... Saving checkpoint ...
... Saving checkpoint ...
... Saving checkpoint ...
... Saving checkpoint ...
... Saving checkpoint ...
... Saving checkpoint ...
... Saving checkpoint ...
... Saving checkpoint ...
... Saving checkpoint ...
... Saving checkpoint ...
... Saving checkpoint ...
... Saving checkpoint ...
... Saving checkpoint ...
... Saving checkpoint ...
... Saving checkpoint ...
... Saving checkpoint ...
... Saving checkpoint ...
... Saving checkpoint ...
... Saving checkpoint ...
... Saving checkpoint ...
... Saving checkpoint ...
... Saving checkpoint ...
... Saving checkpoint ...
... Saving checkpoint ...
... Saving checkpoint ...
... Saving checkpoint ...
... Saving checkpoint ...
... Saving checkpoint ...
... Saving checkpoint ...
... Saving checkpoint ...
... Saving checkpoint ...
... Saving checkpoint ...
... Saving checkpoint ...
... Saving checkpoint ...
... Saving checkpoint ...
... Saving checkpoint ...
... Saving checkpoint ...
... Saving checkpoint ...
... Saving checkpoint ...
... Saving checkpoint ...
... Saving checkpoint ...
--------------------------------------------------
Episode: 500, average_score: -2.44, delta: -2.44
--------------------------------------------------
[32m[I 2025-07-05 00:00:43,673][0m Trial 42 finished with value: 41.4792366027832 and parameters: {'H': 0.26062426372164493, 'decay_rate': 0.9844059197351956, 'alpha': 0.00018556620055522297, 'beta': 0.00029903121364415586, 'batch_size': 1024, 'learn_every': 10, 'gamma': 0.9668959156904818, 'tau': 0.013968440097411688}. Best is trial 35 with value: 250.84722900390625.[0m
--------------------------------------------------
Episode: 500, average_score: -17.79, delta: -17.79
--------------------------------------------------
[32m[I 2025-07-05 00:12:52,828][0m Trial 43 finished with value: 0.0 and parameters: {'H': 0.19318673070661863, 'decay_rate': 0.9570666639713202, 'alpha': 8.619524028840113e-05, 'beta': 0.0004313255049981451, 'batch_size': 1024, 'learn_every': 10, 'gamma': 0.9012662454872034, 'tau': 0.01728364383271437}. Best is trial 35 with value: 250.84722900390625.[0m
--------------------------------------------------
Episode: 500, average_score: -21.30, delta: -21.30
--------------------------------------------------
... Saving checkpoint ...
[32m[I 2025-07-05 00:32:28,407][0m Trial 44 finished with value: 0.47104591131210327 and parameters: {'H': 0.15785382918430502, 'decay_rate': 0.9906415801047763, 'alpha': 0.0003320874992406322, 'beta': 0.0002578347754228222, 'batch_size': 1024, 'learn_every': 20, 'gamma': 0.9817573795114699, 'tau': 0.01144802839679042}. Best is trial 35 with value: 250.84722900390625.[0m
--------------------------------------------------
Episode: 500, average_score: -28.69, delta: -28.69
--------------------------------------------------
... Saving checkpoint ...
... Saving checkpoint ...
... Saving checkpoint ...
... Saving checkpoint ...
... Saving checkpoint ...
... Saving checkpoint ...
... Saving checkpoint ...
... Saving checkpoint ...
... Saving checkpoint ...
... Saving checkpoint ...
... Saving checkpoint ...
... Saving checkpoint ...
... Saving checkpoint ...
... Saving checkpoint ...
... Saving checkpoint ...
... Saving checkpoint ...
... Saving checkpoint ...
... Saving checkpoint ...
... Saving checkpoint ...
... Saving checkpoint ...
... Saving checkpoint ...
... Saving checkpoint ...
... Saving checkpoint ...
... Saving checkpoint ...
... Saving checkpoint ...
... Saving checkpoint ...
... Saving checkpoint ...
... Saving checkpoint ...
... Saving checkpoint ...
... Saving checkpoint ...
... Saving checkpoint ...
... Saving checkpoint ...
... Saving checkpoint ...
... Saving checkpoint ...
... Saving checkpoint ...
[32m[I 2025-07-05 01:02:45,790][0m Trial 45 finished with value: 12.836709022521973 and parameters: {'H': 0.22986966344794266, 'decay_rate': 0.9791739099733976, 'alpha': 0.00014281750758180268, 'beta': 0.00039417221123877184, 'batch_size': 1024, 'learn_every': 10, 'gamma': 0.9579207005801172, 'tau': 0.04407907272389605}. Best is trial 35 with value: 250.84722900390625.[0m
--------------------------------------------------
Episode: 500, average_score: -24.05, delta: -24.05
--------------------------------------------------
[32m[I 2025-07-05 01:07:25,532][0m Trial 46 finished with value: 0.0 and parameters: {'H': 0.267021913159442, 'decay_rate': 0.9971436693711017, 'alpha': 3.443318710079781e-05, 'beta': 5.5389637897710715e-05, 'batch_size': 512, 'learn_every': 10, 'gamma': 0.9711195048447255, 'tau': 0.0010564862112561518}. Best is trial 35 with value: 250.84722900390625.[0m
--------------------------------------------------
Episode: 500, average_score: -26.90, delta: -26.90
--------------------------------------------------
[32m[I 2025-07-05 01:22:14,080][0m Trial 47 finished with value: 0.0 and parameters: {'H': 0.20025786511421073, 'decay_rate': 0.9507131872702692, 'alpha': 5.7537577587304036e-05, 'beta': 0.00034307155651294534, 'batch_size': 1024, 'learn_every': 10, 'gamma': 0.9333797158869862, 'tau': 0.02232220137242483}. Best is trial 35 with value: 250.84722900390625.[0m
--------------------------------------------------
Episode: 500, average_score: -29.77, delta: -29.77
--------------------------------------------------
[32m[I 2025-07-05 01:25:43,101][0m Trial 48 finished with value: 0.0 and parameters: {'H': 0.29807851040515715, 'decay_rate': 0.9878790715994968, 'alpha': 0.00019575415668603686, 'beta': 0.0004598913684977346, 'batch_size': 1024, 'learn_every': 80, 'gamma': 0.921493586971654, 'tau': 0.013813969235491223}. Best is trial 35 with value: 250.84722900390625.[0m
--------------------------------------------------
Episode: 500, average_score: -27.40, delta: -27.40
--------------------------------------------------
[32m[I 2025-07-05 01:36:37,619][0m Trial 49 finished with value: 0.0 and parameters: {'H': 0.1338281005511321, 'decay_rate': 0.9749983778453835, 'alpha': 0.00036961626713676016, 'beta': 7.940594854040574e-05, 'batch_size': 512, 'learn_every': 10, 'gamma': 0.9619993781394581, 'tau': 0.026250439175638234}. Best is trial 35 with value: 250.84722900390625.[0m
--------------------------------------------------
Episode: 500, average_score: -35.63, delta: -35.63
--------------------------------------------------
... Saving checkpoint ...
... Saving checkpoint ...
... Saving checkpoint ...
... Saving checkpoint ...
... Saving checkpoint ...
... Saving checkpoint ...
... Saving checkpoint ...
... Saving checkpoint ...
... Saving checkpoint ...
... Saving checkpoint ...
... Saving checkpoint ...
... Saving checkpoint ...
... Saving checkpoint ...
... Saving checkpoint ...
... Saving checkpoint ...
... Saving checkpoint ...
... Saving checkpoint ...
... Saving checkpoint ...
... Saving checkpoint ...
... Saving checkpoint ...
... Saving checkpoint ...
... Saving checkpoint ...
... Saving checkpoint ...
... Saving checkpoint ...
... Saving checkpoint ...
... Saving checkpoint ...
... Saving checkpoint ...
... Saving checkpoint ...
... Saving checkpoint ...
... Saving checkpoint ...
[32m[I 2025-07-05 01:52:15,472][0m Trial 50 finished with value: 14.108853340148926 and parameters: {'H': 0.17120088328679872, 'decay_rate': 0.9926646101138876, 'alpha': 0.00028130946050980454, 'beta': 0.0003000022696154877, 'batch_size': 1024, 'learn_every': 20, 'gamma': 0.9791671872559277, 'tau': 0.009576081443935111}. Best is trial 35 with value: 250.84722900390625.[0m
--------------------------------------------------
Episode: 500, average_score: -32.97, delta: -32.97
--------------------------------------------------
[32m[I 2025-07-05 02:18:36,508][0m Trial 51 finished with value: 0.0 and parameters: {'H': 0.2628002939239279, 'decay_rate': 0.9980431349972557, 'alpha': 0.0004940942388731817, 'beta': 0.00035216327236927086, 'batch_size': 1024, 'learn_every': 10, 'gamma': 0.9903431520860465, 'tau': 0.029723405607763435}. Best is trial 35 with value: 250.84722900390625.[0m
--------------------------------------------------
Episode: 500, average_score: -12.38, delta: -12.38
--------------------------------------------------
