[32m[I 2025-07-04 16:10:01,656][0m A new study created in RDB with name: maddpg_balance_tuning_wandb102[0m
--------------------------------------------------
Episode: 500, average_score: -32.28, delta: -32.28
--------------------------------------------------
/Users/lilshoe/Library/Mobile Documents/com~apple~CloudDocs/Politecnico Torino/Anno 2024-2025/Secondo Semestre/Machine Learning and Deep Learning/Progetto /Project_Codes/MADDPG copia/Distill.py:35: UserWarning: To copy construct from a tensor, it is recommended to use sourceTensor.detach().clone() or sourceTensor.detach().clone().requires_grad_(True), rather than torch.tensor(sourceTensor).
  self.states = T.stack([T.tensor(s[agent_idx], dtype=T.float32) for s, _ in data])
/Users/lilshoe/Library/Mobile Documents/com~apple~CloudDocs/Politecnico Torino/Anno 2024-2025/Secondo Semestre/Machine Learning and Deep Learning/Progetto /Project_Codes/MADDPG copia/Distill.py:36: UserWarning: To copy construct from a tensor, it is recommended to use sourceTensor.detach().clone() or sourceTensor.detach().clone().requires_grad_(True), rather than torch.tensor(sourceTensor).
  self.actions = T.stack([T.tensor(a[agent_idx], dtype=T.float32) for _, a in data])
[32m[I 2025-07-04 16:15:35,859][0m Trial 0 finished with value: 0.0 and parameters: {'H': 0.19894562676051222, 'decay_rate': 0.9913361576338344, 'alpha': 0.00015239824496314928, 'beta': 0.00016304672411585503, 'batch_size': 128, 'learn_every': 5, 'gamma': 0.9794031380790796, 'tau': 0.005977447965168195}. Best is trial 0 with value: 0.0.[0m
--------------------------------------------------
Episode: 500, average_score: -39.69, delta: -39.69
--------------------------------------------------
[32m[I 2025-07-04 16:25:23,615][0m Trial 1 finished with value: 0.0 and parameters: {'H': 0.1261475161914147, 'decay_rate': 0.9725706154570176, 'alpha': 7.824524953491551e-06, 'beta': 7.876161417819153e-05, 'batch_size': 1024, 'learn_every': 40, 'gamma': 0.9619385994790303, 'tau': 0.016453640976744024}. Best is trial 0 with value: 0.0.[0m
--------------------------------------------------
Episode: 500, average_score: -45.30, delta: -45.30
--------------------------------------------------
[32m[I 2025-07-04 16:39:23,639][0m Trial 2 finished with value: 0.0 and parameters: {'H': 0.1644566696280994, 'decay_rate': 0.9529853552422666, 'alpha': 0.00028074565822601227, 'beta': 7.726677665421092e-05, 'batch_size': 1024, 'learn_every': 40, 'gamma': 0.9077428255291647, 'tau': 0.0006288618895976517}. Best is trial 0 with value: 0.0.[0m
--------------------------------------------------
Episode: 500, average_score: -32.21, delta: -32.21
--------------------------------------------------
[32m[I 2025-07-04 16:47:17,953][0m Trial 3 finished with value: 0.0 and parameters: {'H': 0.2342141695534293, 'decay_rate': 0.9915969125321102, 'alpha': 2.0328866775766012e-05, 'beta': 0.0004459333941679986, 'batch_size': 1024, 'learn_every': 80, 'gamma': 0.9909856080698959, 'tau': 0.0019013014859616828}. Best is trial 0 with value: 0.0.[0m
--------------------------------------------------
Episode: 500, average_score: -31.66, delta: -31.66
--------------------------------------------------
[32m[I 2025-07-04 16:54:54,228][0m Trial 4 finished with value: 0.0 and parameters: {'H': 0.1116691725674433, 'decay_rate': 0.9539181669209169, 'alpha': 1.3204710411101154e-05, 'beta': 0.00016116812426742117, 'batch_size': 512, 'learn_every': 20, 'gamma': 0.9125641120815609, 'tau': 0.0032974196634690993}. Best is trial 0 with value: 0.0.[0m
... Saving checkpoint ...
... Saving checkpoint ...
... Saving checkpoint ...
... Saving checkpoint ...
... Saving checkpoint ...
... Saving checkpoint ...
... Saving checkpoint ...
... Saving checkpoint ...
... Saving checkpoint ...
... Saving checkpoint ...
--------------------------------------------------
Episode: 500, average_score: -25.43, delta: -25.43
--------------------------------------------------
... Saving checkpoint ...
... Saving checkpoint ...
... Saving checkpoint ...
... Saving checkpoint ...
... Saving checkpoint ...
... Saving checkpoint ...
... Saving checkpoint ...
... Saving checkpoint ...
... Saving checkpoint ...
... Saving checkpoint ...
... Saving checkpoint ...
... Saving checkpoint ...
... Saving checkpoint ...
... Saving checkpoint ...
... Saving checkpoint ...
... Saving checkpoint ...
... Saving checkpoint ...
... Saving checkpoint ...
... Saving checkpoint ...
... Saving checkpoint ...
... Saving checkpoint ...
... Saving checkpoint ...
... Saving checkpoint ...
... Saving checkpoint ...
... Saving checkpoint ...
... Saving checkpoint ...
[32m[I 2025-07-04 17:04:20,365][0m Trial 5 finished with value: 33.86744689941406 and parameters: {'H': 0.02393880097899809, 'decay_rate': 0.999292281430859, 'alpha': 0.000171301666023064, 'beta': 0.00019676070334193914, 'batch_size': 128, 'learn_every': 5, 'gamma': 0.9901221471450422, 'tau': 0.04004075061853898}. Best is trial 5 with value: 33.86744689941406.[0m
--------------------------------------------------
Episode: 500, average_score: -26.70, delta: -26.70
--------------------------------------------------
... Saving checkpoint ...
... Saving checkpoint ...
... Saving checkpoint ...
... Saving checkpoint ...
... Saving checkpoint ...
... Saving checkpoint ...
... Saving checkpoint ...
... Saving checkpoint ...
... Saving checkpoint ...
... Saving checkpoint ...
... Saving checkpoint ...
... Saving checkpoint ...
... Saving checkpoint ...
... Saving checkpoint ...
... Saving checkpoint ...
... Saving checkpoint ...
... Saving checkpoint ...
... Saving checkpoint ...
... Saving checkpoint ...
... Saving checkpoint ...
... Saving checkpoint ...
... Saving checkpoint ...
... Saving checkpoint ...
... Saving checkpoint ...
... Saving checkpoint ...
... Saving checkpoint ...
... Saving checkpoint ...
... Saving checkpoint ...
/Users/lilshoe/Library/Mobile Documents/com~apple~CloudDocs/Politecnico Torino/Anno 2024-2025/Secondo Semestre/Machine Learning and Deep Learning/Progetto /Project_Codes/MADDPG copia/Distill.py:35: UserWarning: To copy construct from a tensor, it is recommended to use sourceTensor.detach().clone() or sourceTensor.detach().clone().requires_grad_(True), rather than torch.tensor(sourceTensor).
  self.states = T.stack([T.tensor(s[agent_idx], dtype=T.float32) for s, _ in data])
/Users/lilshoe/Library/Mobile Documents/com~apple~CloudDocs/Politecnico Torino/Anno 2024-2025/Secondo Semestre/Machine Learning and Deep Learning/Progetto /Project_Codes/MADDPG copia/Distill.py:36: UserWarning: To copy construct from a tensor, it is recommended to use sourceTensor.detach().clone() or sourceTensor.detach().clone().requires_grad_(True), rather than torch.tensor(sourceTensor).
  self.actions = T.stack([T.tensor(a[agent_idx], dtype=T.float32) for _, a in data])
[32m[I 2025-07-04 17:16:51,340][0m Trial 6 finished with value: 16.969741821289062 and parameters: {'H': 0.025925579904823314, 'decay_rate': 0.9996938080829408, 'alpha': 7.80046593067948e-05, 'beta': 0.0003496716896558657, 'batch_size': 256, 'learn_every': 5, 'gamma': 0.9397439234781507, 'tau': 0.0426311884447122}. Best is trial 5 with value: 33.86744689941406.[0m
--------------------------------------------------
Episode: 500, average_score: -32.54, delta: -32.54
--------------------------------------------------
[32m[I 2025-07-04 17:19:18,274][0m Trial 7 finished with value: 0.0 and parameters: {'H': 0.020522756399741337, 'decay_rate': 0.9729345040912994, 'alpha': 0.0004961985104666882, 'beta': 0.00024898923974587693, 'batch_size': 128, 'learn_every': 10, 'gamma': 0.9464689468543251, 'tau': 0.04990437295120013}. Best is trial 5 with value: 33.86744689941406.[0m
--------------------------------------------------
Episode: 500, average_score: -31.81, delta: -31.81
--------------------------------------------------
[32m[I 2025-07-04 17:25:45,230][0m Trial 8 finished with value: 0.0 and parameters: {'H': 0.04782062281838912, 'decay_rate': 0.9822276260622022, 'alpha': 4.651048824270557e-05, 'beta': 5.286616137268324e-05, 'batch_size': 128, 'learn_every': 5, 'gamma': 0.9693999985121327, 'tau': 0.013545223703059989}. Best is trial 5 with value: 33.86744689941406.[0m
--------------------------------------------------
Episode: 500, average_score: -36.62, delta: -36.62
--------------------------------------------------
[32m[I 2025-07-04 17:30:38,852][0m Trial 9 finished with value: 0.0 and parameters: {'H': 0.05337936384462094, 'decay_rate': 0.961048837978727, 'alpha': 9.253854858494762e-05, 'beta': 0.000224258776627015, 'batch_size': 512, 'learn_every': 80, 'gamma': 0.9934235912349585, 'tau': 0.013849759393600496}. Best is trial 5 with value: 33.86744689941406.[0m
--------------------------------------------------
Episode: 500, average_score: -34.16, delta: -34.16
--------------------------------------------------
[32m[I 2025-07-04 17:36:13,302][0m Trial 10 finished with value: 0.0 and parameters: {'H': 0.03786507960511682, 'decay_rate': 0.999987836149286, 'alpha': 3.971137310416509e-05, 'beta': 0.0001058254864891387, 'batch_size': 256, 'learn_every': 10, 'gamma': 0.9296342218312985, 'tau': 0.0008015498988033034}. Best is trial 5 with value: 33.86744689941406.[0m
... Saving checkpoint ...
... Saving checkpoint ...
--------------------------------------------------
Episode: 500, average_score: -16.94, delta: -16.94
--------------------------------------------------
[32m[I 2025-07-04 17:51:27,505][0m Trial 11 finished with value: 0.21549423038959503 and parameters: {'H': 0.02219415239574835, 'decay_rate': 0.9997386777350755, 'alpha': 0.00011106144609395873, 'beta': 0.00041189714509187004, 'batch_size': 256, 'learn_every': 5, 'gamma': 0.9425457205413642, 'tau': 0.048432641560941236}. Best is trial 5 with value: 33.86744689941406.[0m
--------------------------------------------------
Episode: 500, average_score: -39.43, delta: -39.43
--------------------------------------------------
[32m[I 2025-07-04 18:04:21,111][0m Trial 12 finished with value: 0.0 and parameters: {'H': 0.030146719204467053, 'decay_rate': 0.9888203270801829, 'alpha': 0.00018217485974352052, 'beta': 0.0002810732256969929, 'batch_size': 256, 'learn_every': 5, 'gamma': 0.9298228879506488, 'tau': 0.02501857951794258}. Best is trial 5 with value: 33.86744689941406.[0m
--------------------------------------------------
Episode: 500, average_score: -13.18, delta: -13.18
--------------------------------------------------
... Saving checkpoint ...
... Saving checkpoint ...
... Saving checkpoint ...
... Saving checkpoint ...
... Saving checkpoint ...
... Saving checkpoint ...
... Saving checkpoint ...
... Saving checkpoint ...
... Saving checkpoint ...
... Saving checkpoint ...
... Saving checkpoint ...
... Saving checkpoint ...
... Saving checkpoint ...
... Saving checkpoint ...
... Saving checkpoint ...
... Saving checkpoint ...
... Saving checkpoint ...
... Saving checkpoint ...
... Saving checkpoint ...
... Saving checkpoint ...
... Saving checkpoint ...
... Saving checkpoint ...
... Saving checkpoint ...
... Saving checkpoint ...
... Saving checkpoint ...
... Saving checkpoint ...
... Saving checkpoint ...
... Saving checkpoint ...
... Saving checkpoint ...
... Saving checkpoint ...
... Saving checkpoint ...
... Saving checkpoint ...
... Saving checkpoint ...
... Saving checkpoint ...
... Saving checkpoint ...
... Saving checkpoint ...
... Saving checkpoint ...
... Saving checkpoint ...
... Saving checkpoint ...
... Saving checkpoint ...
... Saving checkpoint ...
... Saving checkpoint ...
... Saving checkpoint ...
... Saving checkpoint ...
... Saving checkpoint ...
... Saving checkpoint ...
... Saving checkpoint ...
... Saving checkpoint ...
... Saving checkpoint ...
... Saving checkpoint ...
... Saving checkpoint ...
... Saving checkpoint ...
... Saving checkpoint ...
... Saving checkpoint ...
... Saving checkpoint ...
... Saving checkpoint ...
... Saving checkpoint ...
... Saving checkpoint ...
... Saving checkpoint ...
... Saving checkpoint ...
... Saving checkpoint ...
... Saving checkpoint ...
... Saving checkpoint ...
... Saving checkpoint ...
... Saving checkpoint ...
... Saving checkpoint ...
... Saving checkpoint ...
[32m[I 2025-07-04 18:14:53,937][0m Trial 13 finished with value: 19.354650497436523 and parameters: {'H': 0.08268553633612527, 'decay_rate': 0.9817006690338621, 'alpha': 7.058182064719703e-05, 'beta': 0.00031228251783585703, 'batch_size': 256, 'learn_every': 5, 'gamma': 0.9611108961363515, 'tau': 0.027285765108678195}. Best is trial 5 with value: 33.86744689941406.[0m
... Saving checkpoint ...
... Saving checkpoint ...
... Saving checkpoint ...
... Saving checkpoint ...
... Saving checkpoint ...
... Saving checkpoint ...
... Saving checkpoint ...
... Saving checkpoint ...
... Saving checkpoint ...
... Saving checkpoint ...
... Saving checkpoint ...
... Saving checkpoint ...
... Saving checkpoint ...
... Saving checkpoint ...
... Saving checkpoint ...
... Saving checkpoint ...
... Saving checkpoint ...
--------------------------------------------------
Episode: 500, average_score: -21.07, delta: -21.07
--------------------------------------------------
... Saving checkpoint ...
... Saving checkpoint ...
... Saving checkpoint ...
[32m[I 2025-07-04 18:16:32,438][0m Trial 14 finished with value: 13.916525840759277 and parameters: {'H': 0.0645124342732228, 'decay_rate': 0.9809258045284287, 'alpha': 0.0002818574838047702, 'beta': 0.00020031879176970812, 'batch_size': 128, 'learn_every': 20, 'gamma': 0.962748360483058, 'tau': 0.0077657783767363}. Best is trial 5 with value: 33.86744689941406.[0m
--------------------------------------------------
Episode: 500, average_score: -7.49, delta: -7.49
--------------------------------------------------
[32m[I 2025-07-04 18:53:48,072][0m Trial 15 finished with value: 0.0 and parameters: {'H': 0.07873798888928553, 'decay_rate': 0.9658459059537523, 'alpha': 2.7844716612471027e-05, 'beta': 0.00011846541226280831, 'batch_size': 256, 'learn_every': 5, 'gamma': 0.9778408179445318, 'tau': 0.024081129566755087}. Best is trial 5 with value: 33.86744689941406.[0m
--------------------------------------------------
Episode: 500, average_score: -22.53, delta: -22.53
--------------------------------------------------
[32m[I 2025-07-04 18:57:46,721][0m Trial 16 finished with value: 0.0 and parameters: {'H': 0.0880309749000078, 'decay_rate': 0.9830164930122512, 'alpha': 6.161790134566448e-05, 'beta': 0.0003278775919679369, 'batch_size': 128, 'learn_every': 5, 'gamma': 0.9568938195410804, 'tau': 0.02491995036741895}. Best is trial 5 with value: 33.86744689941406.[0m
--------------------------------------------------
Episode: 500, average_score: -45.20, delta: -45.20
--------------------------------------------------
[32m[I 2025-07-04 19:11:44,946][0m Trial 17 finished with value: 0.0 and parameters: {'H': 0.038867922529765, 'decay_rate': 0.9772442755131332, 'alpha': 0.00021968018748230899, 'beta': 0.0004991421899469072, 'batch_size': 512, 'learn_every': 5, 'gamma': 0.98069480342962, 'tau': 0.00900187149490574}. Best is trial 5 with value: 33.86744689941406.[0m
--------------------------------------------------
Episode: 500, average_score: -39.92, delta: -39.92
--------------------------------------------------
[32m[I 2025-07-04 19:14:12,197][0m Trial 18 finished with value: 0.0 and parameters: {'H': 0.10127253467963698, 'decay_rate': 0.9890461735027355, 'alpha': 5.047189050297992e-06, 'beta': 0.00018873754681481017, 'batch_size': 128, 'learn_every': 20, 'gamma': 0.9690308928551583, 'tau': 0.0038849268400442563}. Best is trial 5 with value: 33.86744689941406.[0m
--------------------------------------------------
Episode: 500, average_score: -32.77, delta: -32.77
--------------------------------------------------
... Saving checkpoint ...
... Saving checkpoint ...
... Saving checkpoint ...
... Saving checkpoint ...
... Saving checkpoint ...
... Saving checkpoint ...
... Saving checkpoint ...
... Saving checkpoint ...
... Saving checkpoint ...
... Saving checkpoint ...
... Saving checkpoint ...
... Saving checkpoint ...
... Saving checkpoint ...
... Saving checkpoint ...
... Saving checkpoint ...
... Saving checkpoint ...
... Saving checkpoint ...
... Saving checkpoint ...
... Saving checkpoint ...
... Saving checkpoint ...
... Saving checkpoint ...
... Saving checkpoint ...
... Saving checkpoint ...
... Saving checkpoint ...
... Saving checkpoint ...
... Saving checkpoint ...
... Saving checkpoint ...
... Saving checkpoint ...
... Saving checkpoint ...
... Saving checkpoint ...
... Saving checkpoint ...
... Saving checkpoint ...
... Saving checkpoint ...
... Saving checkpoint ...
... Saving checkpoint ...
... Saving checkpoint ...
... Saving checkpoint ...
... Saving checkpoint ...
... Saving checkpoint ...
... Saving checkpoint ...
[32m[I 2025-07-04 19:16:59,520][0m Trial 19 finished with value: 14.472670555114746 and parameters: {'H': 0.06372287506955716, 'decay_rate': 0.9663090315608108, 'alpha': 0.00012755442948763707, 'beta': 0.00012091960190644417, 'batch_size': 256, 'learn_every': 40, 'gamma': 0.9539468634962749, 'tau': 0.002069321664199715}. Best is trial 5 with value: 33.86744689941406.[0m
... Saving checkpoint ...
... Saving checkpoint ...
... Saving checkpoint ...
... Saving checkpoint ...
... Saving checkpoint ...
... Saving checkpoint ...
... Saving checkpoint ...
... Saving checkpoint ...
... Saving checkpoint ...
... Saving checkpoint ...
... Saving checkpoint ...
... Saving checkpoint ...
... Saving checkpoint ...
... Saving checkpoint ...
... Saving checkpoint ...
... Saving checkpoint ...
... Saving checkpoint ...
... Saving checkpoint ...
--------------------------------------------------
Episode: 500, average_score: 5.63, delta: 5.63
--------------------------------------------------
... Saving checkpoint ...
... Saving checkpoint ...
... Saving checkpoint ...
... Saving checkpoint ...
... Saving checkpoint ...
... Saving checkpoint ...
... Saving checkpoint ...
... Saving checkpoint ...
... Saving checkpoint ...
... Saving checkpoint ...
... Saving checkpoint ...
... Saving checkpoint ...
... Saving checkpoint ...
... Saving checkpoint ...
... Saving checkpoint ...
... Saving checkpoint ...
... Saving checkpoint ...
... Saving checkpoint ...
... Saving checkpoint ...
... Saving checkpoint ...
... Saving checkpoint ...
... Saving checkpoint ...
... Saving checkpoint ...
... Saving checkpoint ...
... Saving checkpoint ...
... Saving checkpoint ...
... Saving checkpoint ...
... Saving checkpoint ...
... Saving checkpoint ...
... Saving checkpoint ...
... Saving checkpoint ...
... Saving checkpoint ...
... Saving checkpoint ...
... Saving checkpoint ...
... Saving checkpoint ...
... Saving checkpoint ...
... Saving checkpoint ...
... Saving checkpoint ...
... Saving checkpoint ...
... Saving checkpoint ...
... Saving checkpoint ...
... Saving checkpoint ...
... Saving checkpoint ...
... Saving checkpoint ...
... Saving checkpoint ...
... Saving checkpoint ...
... Saving checkpoint ...
... Saving checkpoint ...
... Saving checkpoint ...
... Saving checkpoint ...
... Saving checkpoint ...
... Saving checkpoint ...
... Saving checkpoint ...
... Saving checkpoint ...
... Saving checkpoint ...
... Saving checkpoint ...
... Saving checkpoint ...
... Saving checkpoint ...
... Saving checkpoint ...
... Saving checkpoint ...
... Saving checkpoint ...
... Saving checkpoint ...
... Saving checkpoint ...
... Saving checkpoint ...
... Saving checkpoint ...
... Saving checkpoint ...
... Saving checkpoint ...
... Saving checkpoint ...
... Saving checkpoint ...
... Saving checkpoint ...
... Saving checkpoint ...
... Saving checkpoint ...
... Saving checkpoint ...
... Saving checkpoint ...
... Saving checkpoint ...
... Saving checkpoint ...
... Saving checkpoint ...
... Saving checkpoint ...
... Saving checkpoint ...
... Saving checkpoint ...
... Saving checkpoint ...
... Saving checkpoint ...
... Saving checkpoint ...
... Saving checkpoint ...
... Saving checkpoint ...
