[32m[I 2025-07-05 07:42:47,525][0m Trial 71 finished with value: 219.59597778320312 and parameters: {'H': 0.2747414341217532, 'decay_rate': 0.9943863544314165, 'alpha': 0.0002095669755548653, 'beta': 0.0003696912441859877, 'batch_size': 512, 'learn_every': 5, 'gamma': 0.979559798616472, 'tau': 0.021158111358454405}. Best is trial 63 with value: 262.65435791015625.[0m
... Saving checkpoint ...
... Saving checkpoint ...
... Saving checkpoint ...
... Saving checkpoint ...
... Saving checkpoint ...
... Saving checkpoint ...
... Saving checkpoint ...
... Saving checkpoint ...
... Saving checkpoint ...
... Saving checkpoint ...
... Saving checkpoint ...
... Saving checkpoint ...
... Saving checkpoint ...
... Saving checkpoint ...
... Saving checkpoint ...
... Saving checkpoint ...
... Saving checkpoint ...
... Saving checkpoint ...
... Saving checkpoint ...
... Saving checkpoint ...
... Saving checkpoint ...
... Saving checkpoint ...
... Saving checkpoint ...
... Saving checkpoint ...
... Saving checkpoint ...
... Saving checkpoint ...
... Saving checkpoint ...
... Saving checkpoint ...
... Saving checkpoint ...
... Saving checkpoint ...
... Saving checkpoint ...
... Saving checkpoint ...
... Saving checkpoint ...
... Saving checkpoint ...
... Saving checkpoint ...
... Saving checkpoint ...
... Saving checkpoint ...
... Saving checkpoint ...
... Saving checkpoint ...
... Saving checkpoint ...
... Saving checkpoint ...
... Saving checkpoint ...
... Saving checkpoint ...
... Saving checkpoint ...
... Saving checkpoint ...
... Saving checkpoint ...
... Saving checkpoint ...
... Saving checkpoint ...
... Saving checkpoint ...
... Saving checkpoint ...
... Saving checkpoint ...
... Saving checkpoint ...
... Saving checkpoint ...
... Saving checkpoint ...
... Saving checkpoint ...
... Saving checkpoint ...
... Saving checkpoint ...
... Saving checkpoint ...
... Saving checkpoint ...
... Saving checkpoint ...
... Saving checkpoint ...
--------------------------------------------------
Episode: 500, average_score: 35.69, delta: 35.69
--------------------------------------------------
... Saving checkpoint ...
... Saving checkpoint ...
... Saving checkpoint ...
... Saving checkpoint ...
... Saving checkpoint ...
... Saving checkpoint ...
... Saving checkpoint ...
... Saving checkpoint ...
... Saving checkpoint ...
... Saving checkpoint ...
... Saving checkpoint ...
... Saving checkpoint ...
... Saving checkpoint ...
... Saving checkpoint ...
... Saving checkpoint ...
... Saving checkpoint ...
... Saving checkpoint ...
... Saving checkpoint ...
... Saving checkpoint ...
... Saving checkpoint ...
... Saving checkpoint ...
... Saving checkpoint ...
... Saving checkpoint ...
... Saving checkpoint ...
... Saving checkpoint ...
... Saving checkpoint ...
... Saving checkpoint ...
... Saving checkpoint ...
... Saving checkpoint ...
... Saving checkpoint ...
... Saving checkpoint ...
... Saving checkpoint ...
... Saving checkpoint ...
... Saving checkpoint ...
... Saving checkpoint ...
... Saving checkpoint ...
... Saving checkpoint ...
... Saving checkpoint ...
... Saving checkpoint ...
... Saving checkpoint ...
... Saving checkpoint ...
... Saving checkpoint ...
... Saving checkpoint ...
... Saving checkpoint ...
... Saving checkpoint ...
... Saving checkpoint ...
... Saving checkpoint ...
... Saving checkpoint ...
... Saving checkpoint ...
... Saving checkpoint ...
... Saving checkpoint ...
... Saving checkpoint ...
... Saving checkpoint ...
... Saving checkpoint ...
... Saving checkpoint ...
... Saving checkpoint ...
... Saving checkpoint ...
... Saving checkpoint ...
... Saving checkpoint ...
... Saving checkpoint ...
... Saving checkpoint ...
... Saving checkpoint ...
... Saving checkpoint ...
... Saving checkpoint ...
... Saving checkpoint ...
... Saving checkpoint ...
... Saving checkpoint ...
... Saving checkpoint ...
... Saving checkpoint ...
... Saving checkpoint ...
... Saving checkpoint ...
... Saving checkpoint ...
... Saving checkpoint ...
... Saving checkpoint ...
... Saving checkpoint ...
... Saving checkpoint ...
... Saving checkpoint ...
... Saving checkpoint ...
... Saving checkpoint ...
... Saving checkpoint ...
... Saving checkpoint ...
... Saving checkpoint ...
... Saving checkpoint ...
... Saving checkpoint ...
... Saving checkpoint ...
[32m[I 2025-07-05 08:37:03,686][0m Trial 72 finished with value: 206.6692352294922 and parameters: {'H': 0.28052315983029735, 'decay_rate': 0.9944610030884578, 'alpha': 0.00020917806067170125, 'beta': 0.0003890580490815558, 'batch_size': 512, 'learn_every': 5, 'gamma': 0.9799424897170147, 'tau': 0.01899769557033432}. Best is trial 63 with value: 262.65435791015625.[0m
... Saving checkpoint ...
... Saving checkpoint ...
... Saving checkpoint ...
... Saving checkpoint ...
... Saving checkpoint ...
... Saving checkpoint ...
... Saving checkpoint ...
... Saving checkpoint ...
... Saving checkpoint ...
... Saving checkpoint ...
... Saving checkpoint ...
... Saving checkpoint ...
... Saving checkpoint ...
... Saving checkpoint ...
... Saving checkpoint ...
... Saving checkpoint ...
... Saving checkpoint ...
... Saving checkpoint ...
... Saving checkpoint ...
... Saving checkpoint ...
... Saving checkpoint ...
... Saving checkpoint ...
... Saving checkpoint ...
... Saving checkpoint ...
... Saving checkpoint ...
... Saving checkpoint ...
... Saving checkpoint ...
... Saving checkpoint ...
... Saving checkpoint ...
... Saving checkpoint ...
... Saving checkpoint ...
... Saving checkpoint ...
... Saving checkpoint ...
... Saving checkpoint ...
... Saving checkpoint ...
... Saving checkpoint ...
... Saving checkpoint ...
... Saving checkpoint ...
... Saving checkpoint ...
... Saving checkpoint ...
... Saving checkpoint ...
... Saving checkpoint ...
... Saving checkpoint ...
... Saving checkpoint ...
... Saving checkpoint ...
... Saving checkpoint ...
... Saving checkpoint ...
... Saving checkpoint ...
... Saving checkpoint ...
... Saving checkpoint ...
... Saving checkpoint ...
... Saving checkpoint ...
... Saving checkpoint ...
... Saving checkpoint ...
... Saving checkpoint ...
... Saving checkpoint ...
... Saving checkpoint ...
... Saving checkpoint ...
... Saving checkpoint ...
... Saving checkpoint ...
... Saving checkpoint ...
... Saving checkpoint ...
... Saving checkpoint ...
... Saving checkpoint ...
... Saving checkpoint ...
... Saving checkpoint ...
... Saving checkpoint ...
... Saving checkpoint ...
... Saving checkpoint ...
... Saving checkpoint ...
... Saving checkpoint ...
--------------------------------------------------
Episode: 500, average_score: 45.69, delta: 45.69
--------------------------------------------------
... Saving checkpoint ...
... Saving checkpoint ...
... Saving checkpoint ...
... Saving checkpoint ...
... Saving checkpoint ...
... Saving checkpoint ...
... Saving checkpoint ...
... Saving checkpoint ...
... Saving checkpoint ...
... Saving checkpoint ...
... Saving checkpoint ...
... Saving checkpoint ...
... Saving checkpoint ...
... Saving checkpoint ...
... Saving checkpoint ...
... Saving checkpoint ...
... Saving checkpoint ...
... Saving checkpoint ...
... Saving checkpoint ...
... Saving checkpoint ...
... Saving checkpoint ...
... Saving checkpoint ...
... Saving checkpoint ...
... Saving checkpoint ...
... Saving checkpoint ...
... Saving checkpoint ...
... Saving checkpoint ...
... Saving checkpoint ...
... Saving checkpoint ...
... Saving checkpoint ...
... Saving checkpoint ...
... Saving checkpoint ...
... Saving checkpoint ...
... Saving checkpoint ...
... Saving checkpoint ...
... Saving checkpoint ...
... Saving checkpoint ...
... Saving checkpoint ...
... Saving checkpoint ...
... Saving checkpoint ...
... Saving checkpoint ...
... Saving checkpoint ...
... Saving checkpoint ...
... Saving checkpoint ...
... Saving checkpoint ...
... Saving checkpoint ...
... Saving checkpoint ...
... Saving checkpoint ...
... Saving checkpoint ...
... Saving checkpoint ...
... Saving checkpoint ...
... Saving checkpoint ...
... Saving checkpoint ...
... Saving checkpoint ...
... Saving checkpoint ...
... Saving checkpoint ...
... Saving checkpoint ...
... Saving checkpoint ...
... Saving checkpoint ...
... Saving checkpoint ...
... Saving checkpoint ...
... Saving checkpoint ...
... Saving checkpoint ...
... Saving checkpoint ...
... Saving checkpoint ...
... Saving checkpoint ...
... Saving checkpoint ...
... Saving checkpoint ...
... Saving checkpoint ...
... Saving checkpoint ...
... Saving checkpoint ...
... Saving checkpoint ...
... Saving checkpoint ...
... Saving checkpoint ...
... Saving checkpoint ...
... Saving checkpoint ...
... Saving checkpoint ...
... Saving checkpoint ...
... Saving checkpoint ...
... Saving checkpoint ...
... Saving checkpoint ...
... Saving checkpoint ...
... Saving checkpoint ...
... Saving checkpoint ...
... Saving checkpoint ...
... Saving checkpoint ...
... Saving checkpoint ...
... Saving checkpoint ...
... Saving checkpoint ...
... Saving checkpoint ...
... Saving checkpoint ...
... Saving checkpoint ...
... Saving checkpoint ...
... Saving checkpoint ...
... Saving checkpoint ...
... Saving checkpoint ...
... Saving checkpoint ...
... Saving checkpoint ...
... Saving checkpoint ...
... Saving checkpoint ...
... Saving checkpoint ...
... Saving checkpoint ...
... Saving checkpoint ...
... Saving checkpoint ...
... Saving checkpoint ...
... Saving checkpoint ...
[32m[I 2025-07-05 10:40:14,829][0m Trial 73 finished with value: 180.85108947753906 and parameters: {'H': 0.29958452120970047, 'decay_rate': 0.9938446947942634, 'alpha': 0.0001718522089630199, 'beta': 0.0003870759082000796, 'batch_size': 512, 'learn_every': 5, 'gamma': 0.9802503341656363, 'tau': 0.022808510639880052}. Best is trial 63 with value: 262.65435791015625.[0m
--------------------------------------------------
Episode: 500, average_score: -5.96, delta: -5.96
--------------------------------------------------
... Saving checkpoint ...
... Saving checkpoint ...
... Saving checkpoint ...
... Saving checkpoint ...
... Saving checkpoint ...
... Saving checkpoint ...
... Saving checkpoint ...
... Saving checkpoint ...
... Saving checkpoint ...
... Saving checkpoint ...
... Saving checkpoint ...
... Saving checkpoint ...
... Saving checkpoint ...
... Saving checkpoint ...
... Saving checkpoint ...
... Saving checkpoint ...
... Saving checkpoint ...
... Saving checkpoint ...
... Saving checkpoint ...
... Saving checkpoint ...
... Saving checkpoint ...
... Saving checkpoint ...
... Saving checkpoint ...
... Saving checkpoint ...
... Saving checkpoint ...
... Saving checkpoint ...
... Saving checkpoint ...
... Saving checkpoint ...
... Saving checkpoint ...
... Saving checkpoint ...
... Saving checkpoint ...
... Saving checkpoint ...
... Saving checkpoint ...
... Saving checkpoint ...
... Saving checkpoint ...
... Saving checkpoint ...
... Saving checkpoint ...
... Saving checkpoint ...
... Saving checkpoint ...
... Saving checkpoint ...
... Saving checkpoint ...
... Saving checkpoint ...
... Saving checkpoint ...
... Saving checkpoint ...
... Saving checkpoint ...
... Saving checkpoint ...
... Saving checkpoint ...
... Saving checkpoint ...
... Saving checkpoint ...
... Saving checkpoint ...
... Saving checkpoint ...
... Saving checkpoint ...
... Saving checkpoint ...
... Saving checkpoint ...
... Saving checkpoint ...
... Saving checkpoint ...
... Saving checkpoint ...
... Saving checkpoint ...
... Saving checkpoint ...
... Saving checkpoint ...
... Saving checkpoint ...
... Saving checkpoint ...
... Saving checkpoint ...
... Saving checkpoint ...
... Saving checkpoint ...
... Saving checkpoint ...
... Saving checkpoint ...
... Saving checkpoint ...
... Saving checkpoint ...
[32m[I 2025-07-05 11:17:23,448][0m Trial 74 finished with value: 57.5116081237793 and parameters: {'H': 0.28301573569262134, 'decay_rate': 0.9947013581619121, 'alpha': 0.0001632799017894208, 'beta': 0.0003819029017978559, 'batch_size': 512, 'learn_every': 5, 'gamma': 0.9803269308100094, 'tau': 0.049374767033272295}. Best is trial 63 with value: 262.65435791015625.[0m
... Saving checkpoint ...
... Saving checkpoint ...
... Saving checkpoint ...
... Saving checkpoint ...
... Saving checkpoint ...
... Saving checkpoint ...
... Saving checkpoint ...
... Saving checkpoint ...
... Saving checkpoint ...
... Saving checkpoint ...
... Saving checkpoint ...
... Saving checkpoint ...
... Saving checkpoint ...
... Saving checkpoint ...
... Saving checkpoint ...
... Saving checkpoint ...
... Saving checkpoint ...
... Saving checkpoint ...
... Saving checkpoint ...
... Saving checkpoint ...
... Saving checkpoint ...
... Saving checkpoint ...
... Saving checkpoint ...
... Saving checkpoint ...
... Saving checkpoint ...
... Saving checkpoint ...
... Saving checkpoint ...
... Saving checkpoint ...
... Saving checkpoint ...
... Saving checkpoint ...
... Saving checkpoint ...
... Saving checkpoint ...
... Saving checkpoint ...
... Saving checkpoint ...
... Saving checkpoint ...
... Saving checkpoint ...
... Saving checkpoint ...
... Saving checkpoint ...
... Saving checkpoint ...
... Saving checkpoint ...
... Saving checkpoint ...
--------------------------------------------------
Episode: 500, average_score: 18.09, delta: 18.09
--------------------------------------------------
... Saving checkpoint ...
... Saving checkpoint ...
... Saving checkpoint ...
... Saving checkpoint ...
... Saving checkpoint ...
... Saving checkpoint ...
... Saving checkpoint ...
... Saving checkpoint ...
... Saving checkpoint ...
... Saving checkpoint ...
... Saving checkpoint ...
... Saving checkpoint ...
... Saving checkpoint ...
... Saving checkpoint ...
... Saving checkpoint ...
... Saving checkpoint ...
... Saving checkpoint ...
... Saving checkpoint ...
... Saving checkpoint ...
... Saving checkpoint ...
... Saving checkpoint ...
... Saving checkpoint ...
... Saving checkpoint ...
... Saving checkpoint ...
... Saving checkpoint ...
... Saving checkpoint ...
... Saving checkpoint ...
... Saving checkpoint ...
... Saving checkpoint ...
... Saving checkpoint ...
... Saving checkpoint ...
... Saving checkpoint ...
... Saving checkpoint ...
... Saving checkpoint ...
... Saving checkpoint ...
... Saving checkpoint ...
... Saving checkpoint ...
... Saving checkpoint ...
... Saving checkpoint ...
... Saving checkpoint ...
... Saving checkpoint ...
... Saving checkpoint ...
... Saving checkpoint ...
... Saving checkpoint ...
... Saving checkpoint ...
... Saving checkpoint ...
... Saving checkpoint ...
... Saving checkpoint ...
... Saving checkpoint ...
... Saving checkpoint ...
... Saving checkpoint ...
... Saving checkpoint ...
... Saving checkpoint ...
... Saving checkpoint ...
... Saving checkpoint ...
... Saving checkpoint ...
... Saving checkpoint ...
... Saving checkpoint ...
... Saving checkpoint ...
... Saving checkpoint ...
... Saving checkpoint ...
... Saving checkpoint ...
... Saving checkpoint ...
[32m[I 2025-07-05 11:59:22,409][0m Trial 75 finished with value: 114.4238052368164 and parameters: {'H': 0.2445571018514895, 'decay_rate': 0.9899623352970401, 'alpha': 0.0002089831494263756, 'beta': 0.0003298431671379965, 'batch_size': 512, 'learn_every': 5, 'gamma': 0.9917865908737178, 'tau': 0.019304156129669594}. Best is trial 63 with value: 262.65435791015625.[0m
--------------------------------------------------
Episode: 500, average_score: -23.55, delta: -23.55
--------------------------------------------------
[32m[I 2025-07-05 12:03:08,987][0m Trial 76 finished with value: 0.0 and parameters: {'H': 0.2943413263514259, 'decay_rate': 0.9879904728702384, 'alpha': 0.00018481273239133347, 'beta': 0.00040146423005183823, 'batch_size': 256, 'learn_every': 5, 'gamma': 0.9859267548817409, 'tau': 0.014754570282670729}. Best is trial 63 with value: 262.65435791015625.[0m
... Saving checkpoint ...
... Saving checkpoint ...
... Saving checkpoint ...
... Saving checkpoint ...
... Saving checkpoint ...
... Saving checkpoint ...
... Saving checkpoint ...
... Saving checkpoint ...
... Saving checkpoint ...
... Saving checkpoint ...
... Saving checkpoint ...
... Saving checkpoint ...
... Saving checkpoint ...
... Saving checkpoint ...
... Saving checkpoint ...
... Saving checkpoint ...
... Saving checkpoint ...
... Saving checkpoint ...
... Saving checkpoint ...
... Saving checkpoint ...
... Saving checkpoint ...
... Saving checkpoint ...
... Saving checkpoint ...
... Saving checkpoint ...
... Saving checkpoint ...
... Saving checkpoint ...
... Saving checkpoint ...
... Saving checkpoint ...
... Saving checkpoint ...
... Saving checkpoint ...
... Saving checkpoint ...
... Saving checkpoint ...
... Saving checkpoint ...
... Saving checkpoint ...
... Saving checkpoint ...
... Saving checkpoint ...
... Saving checkpoint ...
... Saving checkpoint ...
... Saving checkpoint ...
... Saving checkpoint ...
... Saving checkpoint ...
... Saving checkpoint ...
... Saving checkpoint ...
... Saving checkpoint ...
... Saving checkpoint ...
... Saving checkpoint ...
... Saving checkpoint ...
... Saving checkpoint ...
... Saving checkpoint ...
... Saving checkpoint ...
... Saving checkpoint ...
... Saving checkpoint ...
... Saving checkpoint ...
... Saving checkpoint ...
... Saving checkpoint ...
... Saving checkpoint ...
... Saving checkpoint ...
... Saving checkpoint ...
... Saving checkpoint ...
... Saving checkpoint ...
... Saving checkpoint ...
... Saving checkpoint ...
... Saving checkpoint ...
... Saving checkpoint ...
... Saving checkpoint ...
... Saving checkpoint ...
--------------------------------------------------
Episode: 500, average_score: 14.45, delta: 14.45
--------------------------------------------------
... Saving checkpoint ...
... Saving checkpoint ...
... Saving checkpoint ...
... Saving checkpoint ...
... Saving checkpoint ...
... Saving checkpoint ...
... Saving checkpoint ...
... Saving checkpoint ...
... Saving checkpoint ...
... Saving checkpoint ...
... Saving checkpoint ...
... Saving checkpoint ...
... Saving checkpoint ...
... Saving checkpoint ...
... Saving checkpoint ...
... Saving checkpoint ...
... Saving checkpoint ...
... Saving checkpoint ...
... Saving checkpoint ...
... Saving checkpoint ...
... Saving checkpoint ...
... Saving checkpoint ...
... Saving checkpoint ...
... Saving checkpoint ...
... Saving checkpoint ...
... Saving checkpoint ...
... Saving checkpoint ...
... Saving checkpoint ...
... Saving checkpoint ...
... Saving checkpoint ...
... Saving checkpoint ...
... Saving checkpoint ...
... Saving checkpoint ...
... Saving checkpoint ...
... Saving checkpoint ...
... Saving checkpoint ...
... Saving checkpoint ...
... Saving checkpoint ...
... Saving checkpoint ...
... Saving checkpoint ...
... Saving checkpoint ...
... Saving checkpoint ...
... Saving checkpoint ...
... Saving checkpoint ...
... Saving checkpoint ...
... Saving checkpoint ...
... Saving checkpoint ...
... Saving checkpoint ...
... Saving checkpoint ...
... Saving checkpoint ...
... Saving checkpoint ...
... Saving checkpoint ...
... Saving checkpoint ...
... Saving checkpoint ...
... Saving checkpoint ...
... Saving checkpoint ...
... Saving checkpoint ...
... Saving checkpoint ...
... Saving checkpoint ...
... Saving checkpoint ...
... Saving checkpoint ...
... Saving checkpoint ...
... Saving checkpoint ...
... Saving checkpoint ...
... Saving checkpoint ...
... Saving checkpoint ...
... Saving checkpoint ...
... Saving checkpoint ...
... Saving checkpoint ...
... Saving checkpoint ...
... Saving checkpoint ...
... Saving checkpoint ...
... Saving checkpoint ...
... Saving checkpoint ...
... Saving checkpoint ...
... Saving checkpoint ...
... Saving checkpoint ...
... Saving checkpoint ...
... Saving checkpoint ...
... Saving checkpoint ...
... Saving checkpoint ...
... Saving checkpoint ...
... Saving checkpoint ...
... Saving checkpoint ...
[32m[I 2025-07-05 12:31:28,805][0m Trial 77 finished with value: 84.90442657470703 and parameters: {'H': 0.035324650151347864, 'decay_rate': 0.9934378887921332, 'alpha': 0.0002320338937814203, 'beta': 0.00025701035211695095, 'batch_size': 512, 'learn_every': 5, 'gamma': 0.9790770246531479, 'tau': 0.023813446481115053}. Best is trial 63 with value: 262.65435791015625.[0m
--------------------------------------------------
Episode: 500, average_score: -36.82, delta: -36.82
--------------------------------------------------
