[32m[I 2025-07-05 17:10:59,149][0m Trial 91 finished with value: 0.0 and parameters: {'H': 0.2558948554592659, 'decay_rate': 0.9880790306662464, 'alpha': 0.00016146420908304997, 'beta': 0.0003847702566347811, 'batch_size': 512, 'learn_every': 5, 'gamma': 0.9793201687066456, 'tau': 0.0005475435025372538}. Best is trial 63 with value: 262.65435791015625.[0m
--------------------------------------------------
Episode: 500, average_score: -15.72, delta: -15.72
--------------------------------------------------
... Saving checkpoint ...
... Saving checkpoint ...
... Saving checkpoint ...
... Saving checkpoint ...
... Saving checkpoint ...
... Saving checkpoint ...
... Saving checkpoint ...
... Saving checkpoint ...
... Saving checkpoint ...
... Saving checkpoint ...
... Saving checkpoint ...
... Saving checkpoint ...
... Saving checkpoint ...
... Saving checkpoint ...
... Saving checkpoint ...
... Saving checkpoint ...
... Saving checkpoint ...
... Saving checkpoint ...
... Saving checkpoint ...
... Saving checkpoint ...
... Saving checkpoint ...
... Saving checkpoint ...
... Saving checkpoint ...
... Saving checkpoint ...
... Saving checkpoint ...
... Saving checkpoint ...
... Saving checkpoint ...
... Saving checkpoint ...
... Saving checkpoint ...
... Saving checkpoint ...
... Saving checkpoint ...
... Saving checkpoint ...
... Saving checkpoint ...
... Saving checkpoint ...
... Saving checkpoint ...
... Saving checkpoint ...
... Saving checkpoint ...
... Saving checkpoint ...
... Saving checkpoint ...
... Saving checkpoint ...
... Saving checkpoint ...
... Saving checkpoint ...
... Saving checkpoint ...
... Saving checkpoint ...
... Saving checkpoint ...
... Saving checkpoint ...
... Saving checkpoint ...
... Saving checkpoint ...
... Saving checkpoint ...
... Saving checkpoint ...
... Saving checkpoint ...
... Saving checkpoint ...
... Saving checkpoint ...
... Saving checkpoint ...
... Saving checkpoint ...
... Saving checkpoint ...
... Saving checkpoint ...
... Saving checkpoint ...
... Saving checkpoint ...
... Saving checkpoint ...
... Saving checkpoint ...
... Saving checkpoint ...
... Saving checkpoint ...
... Saving checkpoint ...
... Saving checkpoint ...
... Saving checkpoint ...
... Saving checkpoint ...
... Saving checkpoint ...
... Saving checkpoint ...
... Saving checkpoint ...
... Saving checkpoint ...
... Saving checkpoint ...
... Saving checkpoint ...
... Saving checkpoint ...
... Saving checkpoint ...
... Saving checkpoint ...
... Saving checkpoint ...
... Saving checkpoint ...
... Saving checkpoint ...
... Saving checkpoint ...
... Saving checkpoint ...
... Saving checkpoint ...
... Saving checkpoint ...
... Saving checkpoint ...
... Saving checkpoint ...
... Saving checkpoint ...
... Saving checkpoint ...
... Saving checkpoint ...
... Saving checkpoint ...
... Saving checkpoint ...
... Saving checkpoint ...
... Saving checkpoint ...
... Saving checkpoint ...
... Saving checkpoint ...
... Saving checkpoint ...
... Saving checkpoint ...
... Saving checkpoint ...
... Saving checkpoint ...
... Saving checkpoint ...
... Saving checkpoint ...
... Saving checkpoint ...
... Saving checkpoint ...
... Saving checkpoint ...
... Saving checkpoint ...
... Saving checkpoint ...
... Saving checkpoint ...
... Saving checkpoint ...
... Saving checkpoint ...
... Saving checkpoint ...
... Saving checkpoint ...
... Saving checkpoint ...
... Saving checkpoint ...
... Saving checkpoint ...
... Saving checkpoint ...
... Saving checkpoint ...
... Saving checkpoint ...
... Saving checkpoint ...
[32m[I 2025-07-05 17:54:13,531][0m Trial 92 finished with value: 135.42759704589844 and parameters: {'H': 0.23209232130501706, 'decay_rate': 0.9900925200608176, 'alpha': 0.00021803237304553882, 'beta': 0.000430711408725265, 'batch_size': 512, 'learn_every': 5, 'gamma': 0.9763899270216558, 'tau': 0.003702536301189078}. Best is trial 63 with value: 262.65435791015625.[0m
--------------------------------------------------
Episode: 500, average_score: -33.20, delta: -33.20
--------------------------------------------------
[32m[I 2025-07-05 18:03:09,585][0m Trial 93 finished with value: 0.0 and parameters: {'H': 0.2998042025963087, 'decay_rate': 0.9911663976251079, 'alpha': 0.00017629547352805979, 'beta': 0.0003614965041250655, 'batch_size': 256, 'learn_every': 5, 'gamma': 0.9732946346127491, 'tau': 0.0029584224126878752}. Best is trial 63 with value: 262.65435791015625.[0m
... Saving checkpoint ...
... Saving checkpoint ...
... Saving checkpoint ...
... Saving checkpoint ...
... Saving checkpoint ...
... Saving checkpoint ...
... Saving checkpoint ...
... Saving checkpoint ...
... Saving checkpoint ...
... Saving checkpoint ...
... Saving checkpoint ...
... Saving checkpoint ...
... Saving checkpoint ...
... Saving checkpoint ...
... Saving checkpoint ...
... Saving checkpoint ...
... Saving checkpoint ...
... Saving checkpoint ...
... Saving checkpoint ...
... Saving checkpoint ...
... Saving checkpoint ...
... Saving checkpoint ...
... Saving checkpoint ...
... Saving checkpoint ...
... Saving checkpoint ...
... Saving checkpoint ...
... Saving checkpoint ...
... Saving checkpoint ...
... Saving checkpoint ...
... Saving checkpoint ...
... Saving checkpoint ...
... Saving checkpoint ...
... Saving checkpoint ...
... Saving checkpoint ...
... Saving checkpoint ...
... Saving checkpoint ...
... Saving checkpoint ...
... Saving checkpoint ...
... Saving checkpoint ...
... Saving checkpoint ...
... Saving checkpoint ...
... Saving checkpoint ...
... Saving checkpoint ...
... Saving checkpoint ...
... Saving checkpoint ...
... Saving checkpoint ...
... Saving checkpoint ...
... Saving checkpoint ...
... Saving checkpoint ...
... Saving checkpoint ...
... Saving checkpoint ...
... Saving checkpoint ...
... Saving checkpoint ...
... Saving checkpoint ...
... Saving checkpoint ...
... Saving checkpoint ...
... Saving checkpoint ...
... Saving checkpoint ...
... Saving checkpoint ...
... Saving checkpoint ...
... Saving checkpoint ...
... Saving checkpoint ...
... Saving checkpoint ...
... Saving checkpoint ...
... Saving checkpoint ...
... Saving checkpoint ...
... Saving checkpoint ...
... Saving checkpoint ...
... Saving checkpoint ...
... Saving checkpoint ...
... Saving checkpoint ...
... Saving checkpoint ...
... Saving checkpoint ...
... Saving checkpoint ...
... Saving checkpoint ...
... Saving checkpoint ...
... Saving checkpoint ...
... Saving checkpoint ...
... Saving checkpoint ...
... Saving checkpoint ...
... Saving checkpoint ...
... Saving checkpoint ...
... Saving checkpoint ...
... Saving checkpoint ...
... Saving checkpoint ...
... Saving checkpoint ...
... Saving checkpoint ...
... Saving checkpoint ...
... Saving checkpoint ...
... Saving checkpoint ...
... Saving checkpoint ...
... Saving checkpoint ...
... Saving checkpoint ...
... Saving checkpoint ...
... Saving checkpoint ...
... Saving checkpoint ...
... Saving checkpoint ...
... Saving checkpoint ...
... Saving checkpoint ...
... Saving checkpoint ...
... Saving checkpoint ...
... Saving checkpoint ...
... Saving checkpoint ...
... Saving checkpoint ...
... Saving checkpoint ...
... Saving checkpoint ...
... Saving checkpoint ...
... Saving checkpoint ...
... Saving checkpoint ...
... Saving checkpoint ...
... Saving checkpoint ...
... Saving checkpoint ...
... Saving checkpoint ...
... Saving checkpoint ...
... Saving checkpoint ...
... Saving checkpoint ...
... Saving checkpoint ...
... Saving checkpoint ...
... Saving checkpoint ...
... Saving checkpoint ...
--------------------------------------------------
Episode: 500, average_score: 217.80, delta: 217.80
--------------------------------------------------
... Saving checkpoint ...
... Saving checkpoint ...
... Saving checkpoint ...
... Saving checkpoint ...
... Saving checkpoint ...
... Saving checkpoint ...
... Saving checkpoint ...
... Saving checkpoint ...
... Saving checkpoint ...
... Saving checkpoint ...
... Saving checkpoint ...
... Saving checkpoint ...
... Saving checkpoint ...
... Saving checkpoint ...
... Saving checkpoint ...
... Saving checkpoint ...
... Saving checkpoint ...
... Saving checkpoint ...
... Saving checkpoint ...
... Saving checkpoint ...
... Saving checkpoint ...
... Saving checkpoint ...
... Saving checkpoint ...
... Saving checkpoint ...
... Saving checkpoint ...
... Saving checkpoint ...
... Saving checkpoint ...
... Saving checkpoint ...
... Saving checkpoint ...
... Saving checkpoint ...
[32m[I 2025-07-05 19:00:24,632][0m Trial 94 finished with value: 259.6436767578125 and parameters: {'H': 0.053752653091767924, 'decay_rate': 0.9942066231972672, 'alpha': 0.00012313217314943183, 'beta': 0.0004023573215861876, 'batch_size': 512, 'learn_every': 5, 'gamma': 0.9832835000364659, 'tau': 0.018136792268054903}. Best is trial 63 with value: 262.65435791015625.[0m
--------------------------------------------------
Episode: 500, average_score: -17.35, delta: -17.35
--------------------------------------------------
[32m[I 2025-07-05 19:18:27,396][0m Trial 95 finished with value: 0.0 and parameters: {'H': 0.049373864176656415, 'decay_rate': 0.993787339664718, 'alpha': 0.00020119133127386859, 'beta': 0.000407371875881793, 'batch_size': 512, 'learn_every': 5, 'gamma': 0.9839448989480389, 'tau': 0.008292209307907967}. Best is trial 63 with value: 262.65435791015625.[0m
--------------------------------------------------
Episode: 500, average_score: -35.58, delta: -35.58
--------------------------------------------------
[32m[I 2025-07-05 19:33:22,540][0m Trial 96 finished with value: 0.0 and parameters: {'H': 0.045569746387604554, 'decay_rate': 0.9950978380207035, 'alpha': 0.00011936576920818979, 'beta': 9.27796017759327e-05, 'batch_size': 512, 'learn_every': 5, 'gamma': 0.9649430507241028, 'tau': 0.0011957322313169163}. Best is trial 63 with value: 262.65435791015625.[0m
--------------------------------------------------
Episode: 500, average_score: -23.97, delta: -23.97
--------------------------------------------------
[32m[I 2025-07-05 19:44:42,962][0m Trial 97 finished with value: 0.0 and parameters: {'H': 0.04027769271066418, 'decay_rate': 0.992096655925769, 'alpha': 0.00024164536623148033, 'beta': 0.00016820098659233487, 'batch_size': 512, 'learn_every': 5, 'gamma': 0.9779147978204968, 'tau': 0.020611072244570754}. Best is trial 63 with value: 262.65435791015625.[0m
--------------------------------------------------
Episode: 500, average_score: -42.60, delta: -42.60
--------------------------------------------------
[32m[I 2025-07-05 20:11:58,925][0m Trial 98 finished with value: 0.0 and parameters: {'H': 0.03258702404199137, 'decay_rate': 0.9578356286264276, 'alpha': 0.0002793980786580246, 'beta': 0.00028945212825547367, 'batch_size': 512, 'learn_every': 5, 'gamma': 0.9871059044452141, 'tau': 0.017589194604149386}. Best is trial 63 with value: 262.65435791015625.[0m
... Saving checkpoint ...
... Saving checkpoint ...
... Saving checkpoint ...
... Saving checkpoint ...
... Saving checkpoint ...
... Saving checkpoint ...
... Saving checkpoint ...
... Saving checkpoint ...
... Saving checkpoint ...
... Saving checkpoint ...
... Saving checkpoint ...
... Saving checkpoint ...
... Saving checkpoint ...
... Saving checkpoint ...
... Saving checkpoint ...
... Saving checkpoint ...
... Saving checkpoint ...
... Saving checkpoint ...
... Saving checkpoint ...
... Saving checkpoint ...
... Saving checkpoint ...
... Saving checkpoint ...
... Saving checkpoint ...
... Saving checkpoint ...
... Saving checkpoint ...
... Saving checkpoint ...
... Saving checkpoint ...
... Saving checkpoint ...
... Saving checkpoint ...
... Saving checkpoint ...
... Saving checkpoint ...
... Saving checkpoint ...
... Saving checkpoint ...
... Saving checkpoint ...
... Saving checkpoint ...
... Saving checkpoint ...
... Saving checkpoint ...
... Saving checkpoint ...
... Saving checkpoint ...
... Saving checkpoint ...
... Saving checkpoint ...
... Saving checkpoint ...
... Saving checkpoint ...
... Saving checkpoint ...
... Saving checkpoint ...
... Saving checkpoint ...
... Saving checkpoint ...
... Saving checkpoint ...
... Saving checkpoint ...
... Saving checkpoint ...
... Saving checkpoint ...
... Saving checkpoint ...
... Saving checkpoint ...
... Saving checkpoint ...
... Saving checkpoint ...
... Saving checkpoint ...
... Saving checkpoint ...
... Saving checkpoint ...
... Saving checkpoint ...
... Saving checkpoint ...
... Saving checkpoint ...
... Saving checkpoint ...
... Saving checkpoint ...
... Saving checkpoint ...
... Saving checkpoint ...
... Saving checkpoint ...
... Saving checkpoint ...
... Saving checkpoint ...
... Saving checkpoint ...
... Saving checkpoint ...
... Saving checkpoint ...
... Saving checkpoint ...
... Saving checkpoint ...
... Saving checkpoint ...
... Saving checkpoint ...
... Saving checkpoint ...
--------------------------------------------------
Episode: 500, average_score: 2.26, delta: 2.26
--------------------------------------------------
[32m[I 2025-07-05 20:24:01,016][0m Trial 99 finished with value: 27.702756881713867 and parameters: {'H': 0.07158532563180356, 'decay_rate': 0.9965323481986648, 'alpha': 0.0003722802993030171, 'beta': 0.00044050109456596166, 'batch_size': 512, 'learn_every': 20, 'gamma': 0.9177534208268407, 'tau': 0.022980161147203415}. Best is trial 63 with value: 262.65435791015625.[0m
--------------------------------------------------
Episode: 500, average_score: -35.31, delta: -35.31
--------------------------------------------------
[32m[I 2025-07-05 20:26:57,586][0m Trial 100 finished with value: 0.0 and parameters: {'H': 0.054315176690165966, 'decay_rate': 0.9930814650044696, 'alpha': 0.00013774442309714226, 'beta': 0.00047012244512552233, 'batch_size': 512, 'learn_every': 80, 'gamma': 0.9750445595101761, 'tau': 0.0363361484510302}. Best is trial 63 with value: 262.65435791015625.[0m
... Saving checkpoint ...
... Saving checkpoint ...
... Saving checkpoint ...
... Saving checkpoint ...
... Saving checkpoint ...
... Saving checkpoint ...
... Saving checkpoint ...
... Saving checkpoint ...
... Saving checkpoint ...
... Saving checkpoint ...
... Saving checkpoint ...
... Saving checkpoint ...
... Saving checkpoint ...
... Saving checkpoint ...
... Saving checkpoint ...
... Saving checkpoint ...
... Saving checkpoint ...
... Saving checkpoint ...
... Saving checkpoint ...
... Saving checkpoint ...
... Saving checkpoint ...
... Saving checkpoint ...
... Saving checkpoint ...
... Saving checkpoint ...
... Saving checkpoint ...
... Saving checkpoint ...
... Saving checkpoint ...
... Saving checkpoint ...
... Saving checkpoint ...
... Saving checkpoint ...
... Saving checkpoint ...
... Saving checkpoint ...
... Saving checkpoint ...
... Saving checkpoint ...
... Saving checkpoint ...
... Saving checkpoint ...
... Saving checkpoint ...
... Saving checkpoint ...
... Saving checkpoint ...
... Saving checkpoint ...
... Saving checkpoint ...
... Saving checkpoint ...
... Saving checkpoint ...
... Saving checkpoint ...
... Saving checkpoint ...
... Saving checkpoint ...
... Saving checkpoint ...
... Saving checkpoint ...
... Saving checkpoint ...
... Saving checkpoint ...
... Saving checkpoint ...
... Saving checkpoint ...
... Saving checkpoint ...
... Saving checkpoint ...
... Saving checkpoint ...
... Saving checkpoint ...
... Saving checkpoint ...
... Saving checkpoint ...
... Saving checkpoint ...
... Saving checkpoint ...
... Saving checkpoint ...
... Saving checkpoint ...
... Saving checkpoint ...
... Saving checkpoint ...
... Saving checkpoint ...
... Saving checkpoint ...
... Saving checkpoint ...
... Saving checkpoint ...
--------------------------------------------------
Episode: 500, average_score: 46.07, delta: 46.07
--------------------------------------------------
... Saving checkpoint ...
... Saving checkpoint ...
... Saving checkpoint ...
... Saving checkpoint ...
... Saving checkpoint ...
... Saving checkpoint ...
... Saving checkpoint ...
... Saving checkpoint ...
... Saving checkpoint ...
... Saving checkpoint ...
... Saving checkpoint ...
... Saving checkpoint ...
... Saving checkpoint ...
... Saving checkpoint ...
... Saving checkpoint ...
... Saving checkpoint ...
... Saving checkpoint ...
... Saving checkpoint ...
... Saving checkpoint ...
... Saving checkpoint ...
... Saving checkpoint ...
... Saving checkpoint ...
... Saving checkpoint ...
... Saving checkpoint ...
... Saving checkpoint ...
... Saving checkpoint ...
... Saving checkpoint ...
... Saving checkpoint ...
... Saving checkpoint ...
... Saving checkpoint ...
... Saving checkpoint ...
... Saving checkpoint ...
... Saving checkpoint ...
... Saving checkpoint ...
... Saving checkpoint ...
[32m[I 2025-07-05 20:58:06,508][0m Trial 101 finished with value: 88.5906753540039 and parameters: {'H': 0.058471554657584635, 'decay_rate': 0.9941769702319763, 'alpha': 0.00016747513163528133, 'beta': 0.000391609916387056, 'batch_size': 512, 'learn_every': 5, 'gamma': 0.980361457058285, 'tau': 0.015181505432078366}. Best is trial 63 with value: 262.65435791015625.[0m
--------------------------------------------------
Episode: 500, average_score: -26.88, delta: -26.88
--------------------------------------------------
[32m[I 2025-07-05 21:08:41,028][0m Trial 102 finished with value: 0.0 and parameters: {'H': 0.2702677841408992, 'decay_rate': 0.9953834569283031, 'alpha': 0.00019043153110560835, 'beta': 0.0003732609020229368, 'batch_size': 128, 'learn_every': 5, 'gamma': 0.9833254584470676, 'tau': 0.04228794182699712}. Best is trial 63 with value: 262.65435791015625.[0m
--------------------------------------------------
Episode: 500, average_score: -31.44, delta: -31.44
--------------------------------------------------
[32m[I 2025-07-05 21:11:24,614][0m Trial 103 finished with value: 0.0 and parameters: {'H': 0.05008095883056611, 'decay_rate': 0.9915460191771301, 'alpha': 0.00014769959722175143, 'beta': 0.00033675103926517324, 'batch_size': 256, 'learn_every': 40, 'gamma': 0.9723614586808749, 'tau': 0.020523294364148}. Best is trial 63 with value: 262.65435791015625.[0m
... Saving checkpoint ...
... Saving checkpoint ...
... Saving checkpoint ...
... Saving checkpoint ...
... Saving checkpoint ...
... Saving checkpoint ...
... Saving checkpoint ...
... Saving checkpoint ...
... Saving checkpoint ...
... Saving checkpoint ...
... Saving checkpoint ...
... Saving checkpoint ...
... Saving checkpoint ...
... Saving checkpoint ...
... Saving checkpoint ...
... Saving checkpoint ...
... Saving checkpoint ...
... Saving checkpoint ...
... Saving checkpoint ...
... Saving checkpoint ...
... Saving checkpoint ...
... Saving checkpoint ...
... Saving checkpoint ...
... Saving checkpoint ...
... Saving checkpoint ...
... Saving checkpoint ...
... Saving checkpoint ...
... Saving checkpoint ...
... Saving checkpoint ...
... Saving checkpoint ...
... Saving checkpoint ...
... Saving checkpoint ...
... Saving checkpoint ...
... Saving checkpoint ...
... Saving checkpoint ...
... Saving checkpoint ...
... Saving checkpoint ...
... Saving checkpoint ...
... Saving checkpoint ...
... Saving checkpoint ...
... Saving checkpoint ...
--------------------------------------------------
Episode: 500, average_score: 4.02, delta: 4.02
--------------------------------------------------
... Saving checkpoint ...
... Saving checkpoint ...
... Saving checkpoint ...
... Saving checkpoint ...
... Saving checkpoint ...
... Saving checkpoint ...
... Saving checkpoint ...
... Saving checkpoint ...
... Saving checkpoint ...
... Saving checkpoint ...
... Saving checkpoint ...
... Saving checkpoint ...
... Saving checkpoint ...
... Saving checkpoint ...
... Saving checkpoint ...
... Saving checkpoint ...
... Saving checkpoint ...
... Saving checkpoint ...
... Saving checkpoint ...
... Saving checkpoint ...
... Saving checkpoint ...
... Saving checkpoint ...
... Saving checkpoint ...
... Saving checkpoint ...
... Saving checkpoint ...
... Saving checkpoint ...
... Saving checkpoint ...
... Saving checkpoint ...
... Saving checkpoint ...
... Saving checkpoint ...
... Saving checkpoint ...
... Saving checkpoint ...
... Saving checkpoint ...
... Saving checkpoint ...
... Saving checkpoint ...
... Saving checkpoint ...
... Saving checkpoint ...
... Saving checkpoint ...
... Saving checkpoint ...
... Saving checkpoint ...
... Saving checkpoint ...
... Saving checkpoint ...
... Saving checkpoint ...
... Saving checkpoint ...
... Saving checkpoint ...
... Saving checkpoint ...
... Saving checkpoint ...
... Saving checkpoint ...
... Saving checkpoint ...
... Saving checkpoint ...
... Saving checkpoint ...
... Saving checkpoint ...
... Saving checkpoint ...
... Saving checkpoint ...
... Saving checkpoint ...
... Saving checkpoint ...
[32m[I 2025-07-05 21:21:48,526][0m Trial 104 finished with value: 89.94560241699219 and parameters: {'H': 0.25086589929803166, 'decay_rate': 0.998988079841883, 'alpha': 0.00021951761409445532, 'beta': 0.0003148751460460597, 'batch_size': 128, 'learn_every': 5, 'gamma': 0.9785421302961029, 'tau': 0.02734005999752693}. Best is trial 63 with value: 262.65435791015625.[0m
--------------------------------------------------
Episode: 500, average_score: -35.48, delta: -35.48
--------------------------------------------------
[32m[I 2025-07-05 21:32:55,091][0m Trial 105 finished with value: 0.0 and parameters: {'H': 0.22413446358595016, 'decay_rate': 0.9853800860653668, 'alpha': 2.0151848776502896e-05, 'beta': 0.00042964038098133823, 'batch_size': 512, 'learn_every': 5, 'gamma': 0.9818453044515836, 'tau': 0.013083364576094082}. Best is trial 63 with value: 262.65435791015625.[0m
--------------------------------------------------
Episode: 500, average_score: -9.65, delta: -9.65
--------------------------------------------------
