[32m[I 2025-07-05 21:50:29,286][0m Trial 106 finished with value: 0.0 and parameters: {'H': 0.18596811142920083, 'decay_rate': 0.9976134741944608, 'alpha': 0.0002571086134794992, 'beta': 0.0003609557545347035, 'batch_size': 512, 'learn_every': 5, 'gamma': 0.96909394810576, 'tau': 0.031575125588050375}. Best is trial 63 with value: 262.65435791015625.[0m
--------------------------------------------------
Episode: 500, average_score: -27.87, delta: -27.87
--------------------------------------------------
[32m[I 2025-07-05 21:52:11,838][0m Trial 107 finished with value: 0.0 and parameters: {'H': 0.042812130485026016, 'decay_rate': 0.9999605330889774, 'alpha': 0.00012267874220978976, 'beta': 0.00040743290516579263, 'batch_size': 256, 'learn_every': 20, 'gamma': 0.9888135568749391, 'tau': 0.018290042839247265}. Best is trial 63 with value: 262.65435791015625.[0m
--------------------------------------------------
Episode: 500, average_score: -40.68, delta: -40.68
--------------------------------------------------
[32m[I 2025-07-05 21:54:53,490][0m Trial 108 finished with value: 0.0 and parameters: {'H': 0.2793297469688236, 'decay_rate': 0.9901738014541276, 'alpha': 4.711548547133195e-05, 'beta': 0.0004499096034435867, 'batch_size': 512, 'learn_every': 80, 'gamma': 0.985814909472861, 'tau': 0.015765104096353358}. Best is trial 63 with value: 262.65435791015625.[0m
--------------------------------------------------
Episode: 500, average_score: -31.74, delta: -31.74
--------------------------------------------------
[32m[I 2025-07-05 22:01:16,054][0m Trial 109 finished with value: 0.0 and parameters: {'H': 0.05892124977489819, 'decay_rate': 0.9926843913778445, 'alpha': 0.00015657792059878468, 'beta': 0.000349446604522822, 'batch_size': 128, 'learn_every': 5, 'gamma': 0.9768774311267953, 'tau': 0.010887243529000556}. Best is trial 63 with value: 262.65435791015625.[0m
--------------------------------------------------
Episode: 500, average_score: -40.60, delta: -40.60
--------------------------------------------------
[32m[I 2025-07-05 22:07:53,674][0m Trial 110 finished with value: 0.0 and parameters: {'H': 0.26391455246035345, 'decay_rate': 0.9944058123691176, 'alpha': 0.00010237054187857998, 'beta': 0.00039701631771402266, 'batch_size': 512, 'learn_every': 10, 'gamma': 0.9707020353822982, 'tau': 0.0059275983617210004}. Best is trial 63 with value: 262.65435791015625.[0m
--------------------------------------------------
Episode: 500, average_score: -15.79, delta: -15.79
--------------------------------------------------
[32m[I 2025-07-05 22:13:23,615][0m Trial 111 finished with value: 0.0 and parameters: {'H': 0.28462906847566144, 'decay_rate': 0.9988335052459725, 'alpha': 0.00031212624432580733, 'beta': 0.00037468175230250434, 'batch_size': 256, 'learn_every': 10, 'gamma': 0.9841850452693603, 'tau': 0.024571287649183024}. Best is trial 63 with value: 262.65435791015625.[0m
... Saving checkpoint ...
... Saving checkpoint ...
... Saving checkpoint ...
... Saving checkpoint ...
... Saving checkpoint ...
... Saving checkpoint ...
... Saving checkpoint ...
... Saving checkpoint ...
... Saving checkpoint ...
... Saving checkpoint ...
... Saving checkpoint ...
... Saving checkpoint ...
... Saving checkpoint ...
... Saving checkpoint ...
--------------------------------------------------
Episode: 500, average_score: 2.85, delta: 2.85
--------------------------------------------------
[32m[I 2025-07-05 22:20:40,101][0m Trial 112 finished with value: 4.827125549316406 and parameters: {'H': 0.24096471928410332, 'decay_rate': 0.9970525897337362, 'alpha': 0.00029631224587155046, 'beta': 0.00034124569929293785, 'batch_size': 256, 'learn_every': 10, 'gamma': 0.9803601330845302, 'tau': 0.026964207278157445}. Best is trial 63 with value: 262.65435791015625.[0m
... Saving checkpoint ...
... Saving checkpoint ...
... Saving checkpoint ...
... Saving checkpoint ...
... Saving checkpoint ...
... Saving checkpoint ...
... Saving checkpoint ...
... Saving checkpoint ...
... Saving checkpoint ...
... Saving checkpoint ...
... Saving checkpoint ...
... Saving checkpoint ...
... Saving checkpoint ...
... Saving checkpoint ...
... Saving checkpoint ...
... Saving checkpoint ...
... Saving checkpoint ...
... Saving checkpoint ...
... Saving checkpoint ...
... Saving checkpoint ...
... Saving checkpoint ...
... Saving checkpoint ...
... Saving checkpoint ...
... Saving checkpoint ...
... Saving checkpoint ...
... Saving checkpoint ...
... Saving checkpoint ...
... Saving checkpoint ...
... Saving checkpoint ...
... Saving checkpoint ...
... Saving checkpoint ...
... Saving checkpoint ...
... Saving checkpoint ...
... Saving checkpoint ...
... Saving checkpoint ...
... Saving checkpoint ...
... Saving checkpoint ...
... Saving checkpoint ...
... Saving checkpoint ...
... Saving checkpoint ...
... Saving checkpoint ...
... Saving checkpoint ...
... Saving checkpoint ...
... Saving checkpoint ...
... Saving checkpoint ...
... Saving checkpoint ...
... Saving checkpoint ...
--------------------------------------------------
Episode: 500, average_score: -0.82, delta: -0.82
--------------------------------------------------
... Saving checkpoint ...
... Saving checkpoint ...
... Saving checkpoint ...
... Saving checkpoint ...
... Saving checkpoint ...
... Saving checkpoint ...
... Saving checkpoint ...
... Saving checkpoint ...
... Saving checkpoint ...
... Saving checkpoint ...
... Saving checkpoint ...
... Saving checkpoint ...
... Saving checkpoint ...
[32m[I 2025-07-05 22:29:17,328][0m Trial 113 finished with value: 15.524433135986328 and parameters: {'H': 0.08925848354030597, 'decay_rate': 0.9959430465362828, 'alpha': 0.0002274869491391541, 'beta': 0.00041793857112716907, 'batch_size': 256, 'learn_every': 10, 'gamma': 0.9843664034547291, 'tau': 0.02351393460090152}. Best is trial 63 with value: 262.65435791015625.[0m
--------------------------------------------------
Episode: 500, average_score: -29.21, delta: -29.21
--------------------------------------------------
[32m[I 2025-07-05 22:33:45,599][0m Trial 114 finished with value: 0.0 and parameters: {'H': 0.2680763357440914, 'decay_rate': 0.989228514633542, 'alpha': 0.00019936735743828518, 'beta': 0.0003519036314384413, 'batch_size': 256, 'learn_every': 10, 'gamma': 0.9938822700690718, 'tau': 0.020511860126864796}. Best is trial 63 with value: 262.65435791015625.[0m
--------------------------------------------------
Episode: 500, average_score: -29.96, delta: -29.96
--------------------------------------------------
[32m[I 2025-07-05 22:39:21,716][0m Trial 115 finished with value: 0.0 and parameters: {'H': 0.2546650655843134, 'decay_rate': 0.9975668566318178, 'alpha': 0.0002509758133878236, 'beta': 0.00031927694317558517, 'batch_size': 256, 'learn_every': 10, 'gamma': 0.9825681648673045, 'tau': 0.01434441707396053}. Best is trial 63 with value: 262.65435791015625.[0m
... Saving checkpoint ...
... Saving checkpoint ...
... Saving checkpoint ...
... Saving checkpoint ...
... Saving checkpoint ...
... Saving checkpoint ...
... Saving checkpoint ...
... Saving checkpoint ...
... Saving checkpoint ...
... Saving checkpoint ...
... Saving checkpoint ...
... Saving checkpoint ...
... Saving checkpoint ...
... Saving checkpoint ...
... Saving checkpoint ...
... Saving checkpoint ...
... Saving checkpoint ...
... Saving checkpoint ...
... Saving checkpoint ...
... Saving checkpoint ...
... Saving checkpoint ...
... Saving checkpoint ...
... Saving checkpoint ...
... Saving checkpoint ...
... Saving checkpoint ...
... Saving checkpoint ...
... Saving checkpoint ...
... Saving checkpoint ...
... Saving checkpoint ...
... Saving checkpoint ...
... Saving checkpoint ...
... Saving checkpoint ...
... Saving checkpoint ...
... Saving checkpoint ...
... Saving checkpoint ...
... Saving checkpoint ...
... Saving checkpoint ...
... Saving checkpoint ...
... Saving checkpoint ...
... Saving checkpoint ...
... Saving checkpoint ...
... Saving checkpoint ...
... Saving checkpoint ...
... Saving checkpoint ...
... Saving checkpoint ...
... Saving checkpoint ...
... Saving checkpoint ...
... Saving checkpoint ...
... Saving checkpoint ...
... Saving checkpoint ...
... Saving checkpoint ...
... Saving checkpoint ...
... Saving checkpoint ...
... Saving checkpoint ...
... Saving checkpoint ...
... Saving checkpoint ...
... Saving checkpoint ...
... Saving checkpoint ...
... Saving checkpoint ...
... Saving checkpoint ...
... Saving checkpoint ...
... Saving checkpoint ...
... Saving checkpoint ...
... Saving checkpoint ...
... Saving checkpoint ...
... Saving checkpoint ...
... Saving checkpoint ...
... Saving checkpoint ...
... Saving checkpoint ...
... Saving checkpoint ...
... Saving checkpoint ...
... Saving checkpoint ...
... Saving checkpoint ...
... Saving checkpoint ...
... Saving checkpoint ...
... Saving checkpoint ...
... Saving checkpoint ...
... Saving checkpoint ...
... Saving checkpoint ...
... Saving checkpoint ...
... Saving checkpoint ...
... Saving checkpoint ...
... Saving checkpoint ...
... Saving checkpoint ...
... Saving checkpoint ...
--------------------------------------------------
Episode: 500, average_score: 82.86, delta: 82.86
--------------------------------------------------
... Saving checkpoint ...
... Saving checkpoint ...
... Saving checkpoint ...
... Saving checkpoint ...
... Saving checkpoint ...
... Saving checkpoint ...
... Saving checkpoint ...
... Saving checkpoint ...
... Saving checkpoint ...
... Saving checkpoint ...
... Saving checkpoint ...
... Saving checkpoint ...
... Saving checkpoint ...
... Saving checkpoint ...
... Saving checkpoint ...
... Saving checkpoint ...
... Saving checkpoint ...
... Saving checkpoint ...
... Saving checkpoint ...
... Saving checkpoint ...
... Saving checkpoint ...
... Saving checkpoint ...
... Saving checkpoint ...
... Saving checkpoint ...
... Saving checkpoint ...
... Saving checkpoint ...
... Saving checkpoint ...
... Saving checkpoint ...
... Saving checkpoint ...
... Saving checkpoint ...
... Saving checkpoint ...
... Saving checkpoint ...
... Saving checkpoint ...
... Saving checkpoint ...
... Saving checkpoint ...
... Saving checkpoint ...
... Saving checkpoint ...
... Saving checkpoint ...
... Saving checkpoint ...
... Saving checkpoint ...
... Saving checkpoint ...
... Saving checkpoint ...
... Saving checkpoint ...
... Saving checkpoint ...
... Saving checkpoint ...
... Saving checkpoint ...
... Saving checkpoint ...
... Saving checkpoint ...
... Saving checkpoint ...
... Saving checkpoint ...
... Saving checkpoint ...
... Saving checkpoint ...
... Saving checkpoint ...
... Saving checkpoint ...
... Saving checkpoint ...
... Saving checkpoint ...
... Saving checkpoint ...
... Saving checkpoint ...
... Saving checkpoint ...
... Saving checkpoint ...
... Saving checkpoint ...
... Saving checkpoint ...
... Saving checkpoint ...
... Saving checkpoint ...
... Saving checkpoint ...
... Saving checkpoint ...
... Saving checkpoint ...
... Saving checkpoint ...
... Saving checkpoint ...
... Saving checkpoint ...
[32m[I 2025-07-05 23:28:42,322][0m Trial 116 finished with value: 188.11573791503906 and parameters: {'H': 0.21523931614022904, 'decay_rate': 0.981975695495551, 'alpha': 0.0003392167213706108, 'beta': 0.0003862593167757445, 'batch_size': 512, 'learn_every': 5, 'gamma': 0.9904082754018059, 'tau': 0.030630727151704784}. Best is trial 63 with value: 262.65435791015625.[0m
... Saving checkpoint ...
... Saving checkpoint ...
... Saving checkpoint ...
... Saving checkpoint ...
... Saving checkpoint ...
... Saving checkpoint ...
... Saving checkpoint ...
... Saving checkpoint ...
... Saving checkpoint ...
... Saving checkpoint ...
... Saving checkpoint ...
... Saving checkpoint ...
... Saving checkpoint ...
... Saving checkpoint ...
... Saving checkpoint ...
... Saving checkpoint ...
... Saving checkpoint ...
... Saving checkpoint ...
... Saving checkpoint ...
... Saving checkpoint ...
... Saving checkpoint ...
... Saving checkpoint ...
... Saving checkpoint ...
... Saving checkpoint ...
... Saving checkpoint ...
... Saving checkpoint ...
... Saving checkpoint ...
... Saving checkpoint ...
... Saving checkpoint ...
... Saving checkpoint ...
... Saving checkpoint ...
... Saving checkpoint ...
... Saving checkpoint ...
... Saving checkpoint ...
... Saving checkpoint ...
... Saving checkpoint ...
... Saving checkpoint ...
... Saving checkpoint ...
... Saving checkpoint ...
... Saving checkpoint ...
... Saving checkpoint ...
... Saving checkpoint ...
... Saving checkpoint ...
... Saving checkpoint ...
... Saving checkpoint ...
... Saving checkpoint ...
... Saving checkpoint ...
... Saving checkpoint ...
... Saving checkpoint ...
... Saving checkpoint ...
... Saving checkpoint ...
... Saving checkpoint ...
... Saving checkpoint ...
... Saving checkpoint ...
... Saving checkpoint ...
... Saving checkpoint ...
... Saving checkpoint ...
... Saving checkpoint ...
... Saving checkpoint ...
... Saving checkpoint ...
... Saving checkpoint ...
... Saving checkpoint ...
... Saving checkpoint ...
... Saving checkpoint ...
... Saving checkpoint ...
... Saving checkpoint ...
... Saving checkpoint ...
... Saving checkpoint ...
... Saving checkpoint ...
... Saving checkpoint ...
... Saving checkpoint ...
... Saving checkpoint ...
... Saving checkpoint ...
... Saving checkpoint ...
... Saving checkpoint ...
... Saving checkpoint ...
... Saving checkpoint ...
... Saving checkpoint ...
... Saving checkpoint ...
... Saving checkpoint ...
... Saving checkpoint ...
... Saving checkpoint ...
... Saving checkpoint ...
... Saving checkpoint ...
... Saving checkpoint ...
... Saving checkpoint ...
... Saving checkpoint ...
... Saving checkpoint ...
... Saving checkpoint ...
... Saving checkpoint ...
... Saving checkpoint ...
... Saving checkpoint ...
... Saving checkpoint ...
... Saving checkpoint ...
... Saving checkpoint ...
... Saving checkpoint ...
... Saving checkpoint ...
... Saving checkpoint ...
... Saving checkpoint ...
... Saving checkpoint ...
... Saving checkpoint ...
... Saving checkpoint ...
... Saving checkpoint ...
... Saving checkpoint ...
... Saving checkpoint ...
... Saving checkpoint ...
... Saving checkpoint ...
... Saving checkpoint ...
... Saving checkpoint ...
... Saving checkpoint ...
... Saving checkpoint ...
... Saving checkpoint ...
... Saving checkpoint ...
... Saving checkpoint ...
... Saving checkpoint ...
... Saving checkpoint ...
... Saving checkpoint ...
... Saving checkpoint ...
... Saving checkpoint ...
... Saving checkpoint ...
... Saving checkpoint ...
... Saving checkpoint ...
... Saving checkpoint ...
--------------------------------------------------
Episode: 500, average_score: 144.74, delta: 144.74
--------------------------------------------------
... Saving checkpoint ...
... Saving checkpoint ...
... Saving checkpoint ...
... Saving checkpoint ...
... Saving checkpoint ...
... Saving checkpoint ...
... Saving checkpoint ...
... Saving checkpoint ...
... Saving checkpoint ...
... Saving checkpoint ...
... Saving checkpoint ...
... Saving checkpoint ...
... Saving checkpoint ...
... Saving checkpoint ...
... Saving checkpoint ...
... Saving checkpoint ...
... Saving checkpoint ...
... Saving checkpoint ...
... Saving checkpoint ...
... Saving checkpoint ...
... Saving checkpoint ...
... Saving checkpoint ...
... Saving checkpoint ...
... Saving checkpoint ...
... Saving checkpoint ...
... Saving checkpoint ...
... Saving checkpoint ...
... Saving checkpoint ...
... Saving checkpoint ...
... Saving checkpoint ...
... Saving checkpoint ...
... Saving checkpoint ...
... Saving checkpoint ...
... Saving checkpoint ...
... Saving checkpoint ...
... Saving checkpoint ...
... Saving checkpoint ...
... Saving checkpoint ...
... Saving checkpoint ...
... Saving checkpoint ...
... Saving checkpoint ...
... Saving checkpoint ...
... Saving checkpoint ...
... Saving checkpoint ...
... Saving checkpoint ...
... Saving checkpoint ...
... Saving checkpoint ...
... Saving checkpoint ...
... Saving checkpoint ...
... Saving checkpoint ...
... Saving checkpoint ...
... Saving checkpoint ...
