[32m[I 2025-07-04 19:23:45,172][0m Trial 20 finished with value: 67.1846694946289 and parameters: {'H': 0.2918008616282689, 'decay_rate': 0.9946964272997859, 'alpha': 0.00035344321761917094, 'beta': 0.00027576979092793814, 'batch_size': 128, 'learn_every': 10, 'gamma': 0.9864093345817314, 'tau': 0.030273936924984025}. Best is trial 20 with value: 67.1846694946289.[0m
... Saving checkpoint ...
... Saving checkpoint ...
... Saving checkpoint ...
... Saving checkpoint ...
... Saving checkpoint ...
... Saving checkpoint ...
... Saving checkpoint ...
... Saving checkpoint ...
... Saving checkpoint ...
--------------------------------------------------
Episode: 500, average_score: 4.38, delta: 4.38
--------------------------------------------------
... Saving checkpoint ...
... Saving checkpoint ...
... Saving checkpoint ...
... Saving checkpoint ...
... Saving checkpoint ...
... Saving checkpoint ...
... Saving checkpoint ...
... Saving checkpoint ...
... Saving checkpoint ...
... Saving checkpoint ...
... Saving checkpoint ...
... Saving checkpoint ...
... Saving checkpoint ...
... Saving checkpoint ...
... Saving checkpoint ...
... Saving checkpoint ...
... Saving checkpoint ...
... Saving checkpoint ...
... Saving checkpoint ...
... Saving checkpoint ...
... Saving checkpoint ...
... Saving checkpoint ...
... Saving checkpoint ...
... Saving checkpoint ...
... Saving checkpoint ...
... Saving checkpoint ...
... Saving checkpoint ...
... Saving checkpoint ...
... Saving checkpoint ...
... Saving checkpoint ...
... Saving checkpoint ...
... Saving checkpoint ...
... Saving checkpoint ...
... Saving checkpoint ...
... Saving checkpoint ...
... Saving checkpoint ...
... Saving checkpoint ...
... Saving checkpoint ...
... Saving checkpoint ...
... Saving checkpoint ...
... Saving checkpoint ...
... Saving checkpoint ...
... Saving checkpoint ...
... Saving checkpoint ...
... Saving checkpoint ...
... Saving checkpoint ...
... Saving checkpoint ...
... Saving checkpoint ...
... Saving checkpoint ...
... Saving checkpoint ...
... Saving checkpoint ...
... Saving checkpoint ...
... Saving checkpoint ...
... Saving checkpoint ...
... Saving checkpoint ...
... Saving checkpoint ...
... Saving checkpoint ...
... Saving checkpoint ...
... Saving checkpoint ...
... Saving checkpoint ...
... Saving checkpoint ...
... Saving checkpoint ...
[32m[I 2025-07-04 19:30:31,700][0m Trial 21 finished with value: 47.814701080322266 and parameters: {'H': 0.28515810874322944, 'decay_rate': 0.9948874691787994, 'alpha': 0.0004707548596710798, 'beta': 0.0003446094919407253, 'batch_size': 128, 'learn_every': 10, 'gamma': 0.9868764053001371, 'tau': 0.031004276783041938}. Best is trial 20 with value: 67.1846694946289.[0m
--------------------------------------------------
Episode: 500, average_score: -23.57, delta: -23.57
--------------------------------------------------
[32m[I 2025-07-04 19:36:11,115][0m Trial 22 finished with value: 0.0 and parameters: {'H': 0.2984164267283492, 'decay_rate': 0.9949583170644631, 'alpha': 0.0003993726899730585, 'beta': 0.00026887819361486043, 'batch_size': 128, 'learn_every': 10, 'gamma': 0.9869209713353203, 'tau': 0.03420182389462675}. Best is trial 20 with value: 67.1846694946289.[0m
--------------------------------------------------
Episode: 500, average_score: -36.27, delta: -36.27
--------------------------------------------------
[32m[I 2025-07-04 19:38:20,458][0m Trial 23 finished with value: 0.0 and parameters: {'H': 0.286871165824459, 'decay_rate': 0.9944961135970145, 'alpha': 0.0003425419593464391, 'beta': 0.0003752688048290481, 'batch_size': 128, 'learn_every': 10, 'gamma': 0.9845529244122648, 'tau': 0.01758043650843648}. Best is trial 20 with value: 67.1846694946289.[0m
--------------------------------------------------
Episode: 500, average_score: -34.64, delta: -34.64
--------------------------------------------------
[32m[I 2025-07-04 19:41:42,638][0m Trial 24 finished with value: 0.0 and parameters: {'H': 0.14949393096551167, 'decay_rate': 0.9866926918609707, 'alpha': 0.00021627471087160217, 'beta': 0.00022353299027941462, 'batch_size': 128, 'learn_every': 10, 'gamma': 0.9948991318722005, 'tau': 0.009372290778327708}. Best is trial 20 with value: 67.1846694946289.[0m
... Saving checkpoint ...
... Saving checkpoint ...
... Saving checkpoint ...
... Saving checkpoint ...
... Saving checkpoint ...
... Saving checkpoint ...
... Saving checkpoint ...
... Saving checkpoint ...
... Saving checkpoint ...
... Saving checkpoint ...
... Saving checkpoint ...
... Saving checkpoint ...
... Saving checkpoint ...
... Saving checkpoint ...
... Saving checkpoint ...
... Saving checkpoint ...
... Saving checkpoint ...
... Saving checkpoint ...
... Saving checkpoint ...
... Saving checkpoint ...
... Saving checkpoint ...
... Saving checkpoint ...
... Saving checkpoint ...
... Saving checkpoint ...
... Saving checkpoint ...
... Saving checkpoint ...
... Saving checkpoint ...
--------------------------------------------------
Episode: 500, average_score: 2.58, delta: 2.58
--------------------------------------------------
... Saving checkpoint ...
... Saving checkpoint ...
... Saving checkpoint ...
... Saving checkpoint ...
... Saving checkpoint ...
... Saving checkpoint ...
... Saving checkpoint ...
... Saving checkpoint ...
... Saving checkpoint ...
... Saving checkpoint ...
... Saving checkpoint ...
... Saving checkpoint ...
... Saving checkpoint ...
... Saving checkpoint ...
... Saving checkpoint ...
... Saving checkpoint ...
... Saving checkpoint ...
... Saving checkpoint ...
... Saving checkpoint ...
... Saving checkpoint ...
... Saving checkpoint ...
... Saving checkpoint ...
... Saving checkpoint ...
... Saving checkpoint ...
... Saving checkpoint ...
... Saving checkpoint ...
... Saving checkpoint ...
... Saving checkpoint ...
... Saving checkpoint ...
... Saving checkpoint ...
... Saving checkpoint ...
... Saving checkpoint ...
... Saving checkpoint ...
... Saving checkpoint ...
... Saving checkpoint ...
... Saving checkpoint ...
... Saving checkpoint ...
... Saving checkpoint ...
... Saving checkpoint ...
... Saving checkpoint ...
... Saving checkpoint ...
... Saving checkpoint ...
... Saving checkpoint ...
... Saving checkpoint ...
... Saving checkpoint ...
... Saving checkpoint ...
... Saving checkpoint ...
... Saving checkpoint ...
... Saving checkpoint ...
... Saving checkpoint ...
... Saving checkpoint ...
... Saving checkpoint ...
... Saving checkpoint ...
... Saving checkpoint ...
... Saving checkpoint ...
... Saving checkpoint ...
... Saving checkpoint ...
... Saving checkpoint ...
[32m[I 2025-07-04 19:45:22,785][0m Trial 25 finished with value: 20.904138565063477 and parameters: {'H': 0.21535927588652923, 'decay_rate': 0.9956450439714428, 'alpha': 0.0004822913131995674, 'beta': 0.00018341960940056472, 'batch_size': 128, 'learn_every': 10, 'gamma': 0.9733205568204496, 'tau': 0.03352456768406893}. Best is trial 20 with value: 67.1846694946289.[0m
--------------------------------------------------
Episode: 500, average_score: -38.25, delta: -38.25
--------------------------------------------------
[32m[I 2025-07-04 19:50:32,429][0m Trial 26 finished with value: 0.0 and parameters: {'H': 0.17725203506293752, 'decay_rate': 0.9954457320769985, 'alpha': 0.000288088490985845, 'beta': 0.00013802067634825278, 'batch_size': 128, 'learn_every': 10, 'gamma': 0.9852749540590425, 'tau': 0.019288330290931396}. Best is trial 20 with value: 67.1846694946289.[0m
--------------------------------------------------
Episode: 500, average_score: -23.00, delta: -23.00
--------------------------------------------------
[32m[I 2025-07-04 19:53:10,580][0m Trial 27 finished with value: 0.0 and parameters: {'H': 0.2550802914829209, 'decay_rate': 0.986282724141825, 'alpha': 0.00016896975526592338, 'beta': 0.00028344426770611616, 'batch_size': 128, 'learn_every': 10, 'gamma': 0.9739563960859344, 'tau': 0.01172758880091215}. Best is trial 20 with value: 67.1846694946289.[0m
--------------------------------------------------
Episode: 500, average_score: -24.72, delta: -24.72
--------------------------------------------------
[32m[I 2025-07-04 19:55:12,073][0m Trial 28 finished with value: 0.0 and parameters: {'H': 0.13192843876950303, 'decay_rate': 0.992693484272658, 'alpha': 0.000409234606599335, 'beta': 0.0002303919717691762, 'batch_size': 128, 'learn_every': 80, 'gamma': 0.9884639234177133, 'tau': 0.03515486229542807}. Best is trial 20 with value: 67.1846694946289.[0m
--------------------------------------------------
Episode: 500, average_score: -43.69, delta: -43.69
--------------------------------------------------
[32m[I 2025-07-04 20:00:50,981][0m Trial 29 finished with value: 0.0 and parameters: {'H': 0.19400971868732725, 'decay_rate': 0.9974489882013947, 'alpha': 0.00021877031247298823, 'beta': 0.00014606041431421013, 'batch_size': 128, 'learn_every': 10, 'gamma': 0.9781938349018607, 'tau': 0.005972391345544461}. Best is trial 20 with value: 67.1846694946289.[0m
... Saving checkpoint ...
... Saving checkpoint ...
... Saving checkpoint ...
... Saving checkpoint ...
... Saving checkpoint ...
... Saving checkpoint ...
... Saving checkpoint ...
... Saving checkpoint ...
... Saving checkpoint ...
... Saving checkpoint ...
... Saving checkpoint ...
... Saving checkpoint ...
... Saving checkpoint ...
... Saving checkpoint ...
... Saving checkpoint ...
... Saving checkpoint ...
... Saving checkpoint ...
... Saving checkpoint ...
... Saving checkpoint ...
... Saving checkpoint ...
... Saving checkpoint ...
... Saving checkpoint ...
... Saving checkpoint ...
... Saving checkpoint ...
... Saving checkpoint ...
... Saving checkpoint ...
... Saving checkpoint ...
... Saving checkpoint ...
... Saving checkpoint ...
... Saving checkpoint ...
... Saving checkpoint ...
... Saving checkpoint ...
--------------------------------------------------
Episode: 500, average_score: -19.99, delta: -19.99
--------------------------------------------------
... Saving checkpoint ...
... Saving checkpoint ...
... Saving checkpoint ...
... Saving checkpoint ...
... Saving checkpoint ...
... Saving checkpoint ...
... Saving checkpoint ...
... Saving checkpoint ...
... Saving checkpoint ...
... Saving checkpoint ...
... Saving checkpoint ...
... Saving checkpoint ...
... Saving checkpoint ...
... Saving checkpoint ...
... Saving checkpoint ...
... Saving checkpoint ...
... Saving checkpoint ...
... Saving checkpoint ...
... Saving checkpoint ...
... Saving checkpoint ...
... Saving checkpoint ...
... Saving checkpoint ...
... Saving checkpoint ...
... Saving checkpoint ...
... Saving checkpoint ...
... Saving checkpoint ...
... Saving checkpoint ...
... Saving checkpoint ...
... Saving checkpoint ...
... Saving checkpoint ...
... Saving checkpoint ...
... Saving checkpoint ...
... Saving checkpoint ...
... Saving checkpoint ...
... Saving checkpoint ...
... Saving checkpoint ...
... Saving checkpoint ...
... Saving checkpoint ...
... Saving checkpoint ...
... Saving checkpoint ...
... Saving checkpoint ...
... Saving checkpoint ...
... Saving checkpoint ...
... Saving checkpoint ...
... Saving checkpoint ...
... Saving checkpoint ...
... Saving checkpoint ...
... Saving checkpoint ...
... Saving checkpoint ...
... Saving checkpoint ...
... Saving checkpoint ...
... Saving checkpoint ...
... Saving checkpoint ...
... Saving checkpoint ...
... Saving checkpoint ...
... Saving checkpoint ...
... Saving checkpoint ...
... Saving checkpoint ...
... Saving checkpoint ...
... Saving checkpoint ...
... Saving checkpoint ...
... Saving checkpoint ...
... Saving checkpoint ...
... Saving checkpoint ...
... Saving checkpoint ...
... Saving checkpoint ...
... Saving checkpoint ...
... Saving checkpoint ...
... Saving checkpoint ...
... Saving checkpoint ...
... Saving checkpoint ...
... Saving checkpoint ...
... Saving checkpoint ...
... Saving checkpoint ...
... Saving checkpoint ...
... Saving checkpoint ...
... Saving checkpoint ...
... Saving checkpoint ...
... Saving checkpoint ...
[32m[I 2025-07-04 20:09:32,198][0m Trial 30 finished with value: 163.48464965820312 and parameters: {'H': 0.24256990522153793, 'decay_rate': 0.9907492273570985, 'alpha': 0.00014610661746832356, 'beta': 0.0003909989785992093, 'batch_size': 128, 'learn_every': 10, 'gamma': 0.9813603956833228, 'tau': 0.019913318586917462}. Best is trial 30 with value: 163.48464965820312.[0m
--------------------------------------------------
Episode: 500, average_score: -39.40, delta: -39.40
--------------------------------------------------
[32m[I 2025-07-04 20:12:46,071][0m Trial 31 finished with value: 0.0 and parameters: {'H': 0.250278999316949, 'decay_rate': 0.9895522964803035, 'alpha': 0.00015686588538922546, 'beta': 0.0003985898273890605, 'batch_size': 128, 'learn_every': 10, 'gamma': 0.9820096265816513, 'tau': 0.01971694674683981}. Best is trial 30 with value: 163.48464965820312.[0m
--------------------------------------------------
Episode: 500, average_score: -24.30, delta: -24.30
--------------------------------------------------
[32m[I 2025-07-04 20:17:18,221][0m Trial 32 finished with value: 0.0 and parameters: {'H': 0.19909966885365485, 'decay_rate': 0.9923600677210385, 'alpha': 0.0001178287272783324, 'beta': 0.0003155136556706489, 'batch_size': 128, 'learn_every': 10, 'gamma': 0.9896014208928738, 'tau': 0.03464193834641308}. Best is trial 30 with value: 163.48464965820312.[0m
--------------------------------------------------
Episode: 500, average_score: -29.38, delta: -29.38
--------------------------------------------------
[32m[I 2025-07-04 20:21:14,913][0m Trial 33 finished with value: 0.0 and parameters: {'H': 0.15006974583321295, 'decay_rate': 0.9853082088049334, 'alpha': 0.00032667880532487184, 'beta': 0.00046188221900039924, 'batch_size': 1024, 'learn_every': 40, 'gamma': 0.9949494832041802, 'tau': 0.029651083168405538}. Best is trial 30 with value: 163.48464965820312.[0m
... Saving checkpoint ...
... Saving checkpoint ...
... Saving checkpoint ...
... Saving checkpoint ...
... Saving checkpoint ...
... Saving checkpoint ...
... Saving checkpoint ...
... Saving checkpoint ...
... Saving checkpoint ...
... Saving checkpoint ...
... Saving checkpoint ...
... Saving checkpoint ...
... Saving checkpoint ...
... Saving checkpoint ...
... Saving checkpoint ...
... Saving checkpoint ...
... Saving checkpoint ...
... Saving checkpoint ...
... Saving checkpoint ...
... Saving checkpoint ...
... Saving checkpoint ...
... Saving checkpoint ...
... Saving checkpoint ...
... Saving checkpoint ...
--------------------------------------------------
Episode: 500, average_score: 0.78, delta: 0.78
--------------------------------------------------
... Saving checkpoint ...
... Saving checkpoint ...
... Saving checkpoint ...
... Saving checkpoint ...
... Saving checkpoint ...
... Saving checkpoint ...
... Saving checkpoint ...
... Saving checkpoint ...
... Saving checkpoint ...
... Saving checkpoint ...
... Saving checkpoint ...
... Saving checkpoint ...
... Saving checkpoint ...
... Saving checkpoint ...
... Saving checkpoint ...
... Saving checkpoint ...
... Saving checkpoint ...
... Saving checkpoint ...
... Saving checkpoint ...
... Saving checkpoint ...
... Saving checkpoint ...
... Saving checkpoint ...
... Saving checkpoint ...
... Saving checkpoint ...
... Saving checkpoint ...
... Saving checkpoint ...
... Saving checkpoint ...
... Saving checkpoint ...
... Saving checkpoint ...
... Saving checkpoint ...
... Saving checkpoint ...
... Saving checkpoint ...
... Saving checkpoint ...
... Saving checkpoint ...
... Saving checkpoint ...
... Saving checkpoint ...
... Saving checkpoint ...
... Saving checkpoint ...
... Saving checkpoint ...
... Saving checkpoint ...
... Saving checkpoint ...
... Saving checkpoint ...
... Saving checkpoint ...
... Saving checkpoint ...
... Saving checkpoint ...
... Saving checkpoint ...
... Saving checkpoint ...
... Saving checkpoint ...
... Saving checkpoint ...
... Saving checkpoint ...
... Saving checkpoint ...
... Saving checkpoint ...
... Saving checkpoint ...
... Saving checkpoint ...
... Saving checkpoint ...
... Saving checkpoint ...
... Saving checkpoint ...
... Saving checkpoint ...
... Saving checkpoint ...
... Saving checkpoint ...
... Saving checkpoint ...
... Saving checkpoint ...
... Saving checkpoint ...
... Saving checkpoint ...
... Saving checkpoint ...
... Saving checkpoint ...
... Saving checkpoint ...
... Saving checkpoint ...
... Saving checkpoint ...
... Saving checkpoint ...
... Saving checkpoint ...
... Saving checkpoint ...
... Saving checkpoint ...
... Saving checkpoint ...
... Saving checkpoint ...
... Saving checkpoint ...
... Saving checkpoint ...
... Saving checkpoint ...
... Saving checkpoint ...
... Saving checkpoint ...
... Saving checkpoint ...
... Saving checkpoint ...
... Saving checkpoint ...
... Saving checkpoint ...
... Saving checkpoint ...
... Saving checkpoint ...
... Saving checkpoint ...
... Saving checkpoint ...
... Saving checkpoint ...
... Saving checkpoint ...
... Saving checkpoint ...
... Saving checkpoint ...
... Saving checkpoint ...
... Saving checkpoint ...
... Saving checkpoint ...
... Saving checkpoint ...
... Saving checkpoint ...
... Saving checkpoint ...
... Saving checkpoint ...
